#
# A fatal error has been detected by the Java Runtime Environment:
#
#  SIGSEGV (0xb) at pc=0x000000010cc232b0, pid=3903, tid=18691
#
# JRE version: Java(TM) SE Runtime Environment (8.0_25-b17) (build 1.8.0_25-b17)
# Java VM: Java HotSpot(TM) 64-Bit Server VM (25.25-b02 mixed mode bsd-amd64 compressed oops)
# Problematic frame:
# V  [libjvm.dylib+0x4232b0]
#
# Failed to write core dump. Core dumps have been disabled. To enable core dumping, try "ulimit -c unlimited" before starting Java again
#
# If you would like to submit a bug report, please visit:
#   http://bugreport.sun.com/bugreport/crash.jsp
#

---------------  T H R E A D  ---------------

Current thread (0x00007ff6bd015800):  JavaThread "JDWP Transport Listener: dt_socket" daemon [_thread_in_vm, id=18691, stack(0x0000000121648000,0x0000000121748000)]

siginfo: si_signo: 11 (SIGSEGV), si_code: 0 (unknown), si_addr: 0x0000000000000000

Registers:
RAX=0x0000000000000001, RBX=0x0000000121747a8b, RCX=0x000000010cfd6c80, RDX=0x0000000121747a8b
RSP=0x00000001217479d0, RBP=0x00000001217479e0, RSI=0x00007ff6bd015800, RDI=0x3b003b656c003b74
R8 =0x00007ff6bbd0d490, R9 =0x00007ff6bbd0fad0, R10=0x00000000703aa182, R11=0x00000000ce78a190
R12=0x00007ff6bd015800, R13=0x3b003b656c003b74, R14=0x3b003b656c003b74, R15=0x00007ff6bbe00080
RIP=0x000000010cc232b0, EFLAGS=0x0000000000010206, ERR=0x0000000000000000
  TRAPNO=0x000000000000000d

Top of Stack: (sp=0x00000001217479d0)
0x00000001217479d0:   0000000121747a8b 0000000121747a8b
0x00000001217479e0:   0000000121747a40 000000010cb3526e
0x00000001217479f0:   00007ff6bd015800 0000000000000000
0x0000000121747a00:   0000000000000000 0000000000000000
0x0000000121747a10:   00007ff6bd015800 00007ff6bd015800
0x0000000121747a20:   0000000121747a8b 0000000121747a90
0x0000000121747a30:   3b003b656c003b74 0000000000000008
0x0000000121747a40:   0000000121747a60 000000010d83f7dc
0x0000000121747a50:   0000000000000001 0000000121747b08
0x0000000121747a60:   0000000121747ad0 000000010d824263
0x0000000121747a70:   0000000121747aa0 00007ff6bbd0fa80
0x0000000121747a80:   0000000900000032 0000000900747b08
0x0000000121747a90:   0000000000000000 0000000000000000
0x0000000121747aa0:   0000000000000000 0000000121747c90
0x0000000121747ab0:   000000010d846eca 00007ff6bbc238a0
0x0000000121747ac0:   0000000121747b08 000000010d852588
0x0000000121747ad0:   0000000121747ae0 000000010d82435c
0x0000000121747ae0:   0000000121747d00 000000010d82d8f6
0x0000000121747af0:   000004df00000013 00000000000f0200
0x0000000121747b00:   00007ff6bbc21ea0 00007ff6bbd0fd6d
0x0000000121747b10:   00007ff60000023b 00007ff6bbd0d600
0x0000000121747b20:   00007ff60000012c 0000000121747b58
0x0000000121747b30:   00007ff6bbd0d600 00007f0000000000
0x0000000121747b40:   000004df00000020 00007fff00000e80
0x0000000121747b50:   0000000121747b58 f67f000009000000
0x0000000121747b60:   0a000000f801c2bb 5269747349697673
0x0000000121747b70:   5b28060000006465 000000005a29495b
0x0000000121747b80:   f67f00000a000000 0500000058e6e1bb
0x0000000121747b90:   00000069736f6e75 0000495b5b292805
0x0000000121747ba0:   0000090000000000 000050e6e1bbf67f
0x0000000121747bb0:   00746e6972700500 29495b5b28060000
0x0000000121747bc0:   0000000000000056 e6e1bbf67f000009 

Instructions: (pc=0x000000010cc232b0)
0x000000010cc23290:   40 48 48 85 c0 75 e0 30 c0 0f b6 c0 5d c3 31 c0
0x000000010cc232a0:   5d c3 55 48 89 e5 53 48 83 ec 08 48 85 ff 74 24
0x000000010cc232b0:   48 8b 1f 48 85 db 74 1c 48 83 fb 37 74 16 48 8b
0x000000010cc232c0:   03 48 89 df ff 50 10 84 c0 b8 00 00 00 00 48 0f 

Register to memory mapping:

RAX=0x0000000000000001 is an unknown value
RBX=0x0000000121747a8b is pointing into the stack for thread: 0x00007ff6bd015800
RCX=0x000000010cfd6c80: UseMembar+0 in /Library/Java/JavaVirtualMachines/jdk1.8.0_25.jdk/Contents/Home/jre/lib/server/libjvm.dylib at 0x000000010c800000
RDX=0x0000000121747a8b is pointing into the stack for thread: 0x00007ff6bd015800
RSP=0x00000001217479d0 is pointing into the stack for thread: 0x00007ff6bd015800
RBP=0x00000001217479e0 is pointing into the stack for thread: 0x00007ff6bd015800
RSI=0x00007ff6bd015800 is a thread
RDI=0x3b003b656c003b74 is an unknown value
R8 =0x00007ff6bbd0d490 is an unknown value
R9 =0x00007ff6bbd0fad0 is an unknown value
R10=0x00000000703aa182 is an unknown value
R11=0x00000000ce78a190 is an unknown value
R12=0x00007ff6bd015800 is a thread
R13=0x3b003b656c003b74 is an unknown value
R14=0x3b003b656c003b74 is an unknown value
R15=0x00007ff6bbe00080 is an unknown value


Stack: [0x0000000121648000,0x0000000121748000],  sp=0x00000001217479d0,  free space=1022k
Native frames: (J=compiled Java code, j=interpreted, Vv=VM code, C=native code)
V  [libjvm.dylib+0x4232b0]
V  [libjvm.dylib+0x33526e]
C  [libjdwp.dylib+0x207dc]  isMethodSynthetic+0x63
C  [libjdwp.dylib+0x5263]  methods1+0x10b
C  [libjdwp.dylib+0x535c]  methodsWithGeneric+0xe
C  [libjdwp.dylib+0xe8f6]  debugLoop_run+0x1ce
C  [libjdwp.dylib+0x1f716]  attachThread+0x4d
V  [libjvm.dylib+0x3762ce]
V  [libjvm.dylib+0x535ed9]
V  [libjvm.dylib+0x53761c]
V  [libjvm.dylib+0x45d87e]
C  [libsystem_pthread.dylib+0x1899]  _pthread_body+0x8a
C  [libsystem_pthread.dylib+0x172a]  _pthread_struct_init+0x0
C  [libsystem_pthread.dylib+0x5fc9]  thread_start+0xd
C  0x0000000000000000


---------------  P R O C E S S  ---------------

Java Threads: ( => current thread )
  0x00007ff6bd852800 JavaThread "Service Thread" daemon [_thread_blocked, id=21763, stack(0x0000000121c5a000,0x0000000121d5a000)]
  0x00007ff6bd028800 JavaThread "C1 CompilerThread2" daemon [_thread_blocked, id=21251, stack(0x0000000121b57000,0x0000000121c57000)]
  0x00007ff6bd034800 JavaThread "C2 CompilerThread1" daemon [_thread_blocked, id=20739, stack(0x0000000121a54000,0x0000000121b54000)]
  0x00007ff6bd82d800 JavaThread "C2 CompilerThread0" daemon [_thread_blocked, id=20227, stack(0x0000000121951000,0x0000000121a51000)]
  0x00007ff6bd802800 JavaThread "JDWP Command Reader" daemon [_thread_in_native, id=19715, stack(0x000000012184e000,0x000000012194e000)]
  0x00007ff6bd016800 JavaThread "JDWP Event Helper Thread" daemon [_thread_blocked, id=19203, stack(0x000000012174b000,0x000000012184b000)]
=>0x00007ff6bd015800 JavaThread "JDWP Transport Listener: dt_socket" daemon [_thread_in_vm, id=18691, stack(0x0000000121648000,0x0000000121748000)]
  0x00007ff6bc01b000 JavaThread "Signal Dispatcher" daemon [_thread_blocked, id=18179, stack(0x0000000121545000,0x0000000121645000)]
  0x00007ff6bd00f000 JavaThread "Finalizer" daemon [_thread_blocked, id=13059, stack(0x0000000121273000,0x0000000121373000)]
  0x00007ff6bd002000 JavaThread "Reference Handler" daemon [_thread_blocked, id=12547, stack(0x0000000121170000,0x0000000121270000)]
  0x00007ff6bc802000 JavaThread "main" [_thread_in_native, id=6915, stack(0x000000010d71d000,0x000000010d81d000)]

Other Threads:
  0x00007ff6bc01a000 VMThread [stack: 0x000000012106d000,0x000000012116d000] [id=12035]
  0x00007ff6bc813800 WatcherThread [stack: 0x0000000121d5d000,0x0000000121e5d000] [id=22275]

VM state:not at safepoint (normal execution)

VM Mutex/Monitor currently owned by a thread: None

Heap:
 PSYoungGen      total 18944K, used 2316K [0x00000007aab00000, 0x00000007ac000000, 0x00000007c0000000)
  eden space 16384K, 14% used [0x00000007aab00000,0x00000007aad43308,0x00000007abb00000)
  from space 2560K, 0% used [0x00000007abd80000,0x00000007abd80000,0x00000007ac000000)
  to   space 2560K, 0% used [0x00000007abb00000,0x00000007abb00000,0x00000007abd80000)
 ParOldGen       total 44032K, used 0K [0x0000000780000000, 0x0000000782b00000, 0x00000007aab00000)
  object space 44032K, 0% used [0x0000000780000000,0x0000000780000000,0x0000000782b00000)
 Metaspace       used 2932K, capacity 4554K, committed 4864K, reserved 1056768K
  class space    used 314K, capacity 386K, committed 512K, reserved 1048576K

Card table byte_map: [0x000000011cc2a000,0x000000011ce2b000] byte_map_base: 0x000000011902a000

Marking Bits: (ParMarkBitMap*) 0x000000010d09d390
 Begin Bits: [0x000000011d38d000, 0x000000011e38d000)
 End Bits:   [0x000000011e38d000, 0x000000011f38d000)

Polling page: 0x000000010bfdd000

CodeCache: size=245760Kb used=1163Kb max_used=1163Kb free=244596Kb
 bounds [0x000000010d86a000, 0x000000010dada000, 0x000000011c86a000]
 total_blobs=274 nmethods=48 adapters=149
 compilation: enabled

Compilation events (10 events):
Event: 0.384 Thread 0x00007ff6bd028800   44       1       java.net.URL::getProtocol (5 bytes)
Event: 0.384 Thread 0x00007ff6bd028800 nmethod 44 0x000000010d98ac90 code [0x000000010d98ade0, 0x000000010d98aef0]
Event: 0.384 Thread 0x00007ff6bd028800   45       3       java.util.Arrays::copyOf (19 bytes)
Event: 0.385 Thread 0x00007ff6bd028800 nmethod 45 0x000000010d98a690 code [0x000000010d98a820, 0x000000010d98ab48]
Event: 0.385 Thread 0x00007ff6bd028800   47       1       java.lang.StringCoding$StringEncoder::requestedCharsetName (5 bytes)
Event: 0.385 Thread 0x00007ff6bd028800 nmethod 47 0x000000010d98a3d0 code [0x000000010d98a520, 0x000000010d98a630]
Event: 0.385 Thread 0x00007ff6bd028800   46       1       java.io.File::getPath (5 bytes)
Event: 0.385 Thread 0x00007ff6bd028800 nmethod 46 0x000000010d98a110 code [0x000000010d98a260, 0x000000010d98a370]
Event: 0.388 Thread 0x00007ff6bd028800   48       3       java.lang.AbstractStringBuilder::expandCapacity (50 bytes)
Event: 0.388 Thread 0x00007ff6bd028800 nmethod 48 0x000000010d98cbd0 code [0x000000010d98cd80, 0x000000010d98d2d8]

GC Heap History (0 events):
No events

Deoptimization events (0 events):
No events

Internal exceptions (10 events):
Event: 0.382 Thread 0x00007ff6bc802000 Exception <a 'java/security/PrivilegedActionException'> (0x00000007aacca118) thrown at [/HUDSON3/workspace/8-2-build-macosx-x86_64/jdk8u25/1514/hotspot/src/share/vm/prims/jvm.cpp, line 1312]
Event: 0.382 Thread 0x00007ff6bc802000 Exception <a 'java/security/PrivilegedActionException'> (0x00000007aacca2d0) thrown at [/HUDSON3/workspace/8-2-build-macosx-x86_64/jdk8u25/1514/hotspot/src/share/vm/prims/jvm.cpp, line 1312]
Event: 0.383 Thread 0x00007ff6bc802000 Exception <a 'java/util/zip/ZipException'> (0x00000007aaccb018) thrown at [/HUDSON3/workspace/8-2-build-macosx-x86_64/jdk8u25/1514/hotspot/src/share/vm/prims/jni.cpp, line 716]
Event: 0.383 Thread 0x00007ff6bc802000 Exception <a 'java/security/PrivilegedActionException'> (0x00000007aaccb1c8) thrown at [/HUDSON3/workspace/8-2-build-macosx-x86_64/jdk8u25/1514/hotspot/src/share/vm/prims/jvm.cpp, line 1312]
Event: 0.383 Thread 0x00007ff6bc802000 Exception <a 'java/security/PrivilegedActionException'> (0x00000007aaccb380) thrown at [/HUDSON3/workspace/8-2-build-macosx-x86_64/jdk8u25/1514/hotspot/src/share/vm/prims/jvm.cpp, line 1312]
Event: 0.386 Thread 0x00007ff6bc802000 Exception <a 'java/util/zip/ZipException'> (0x00000007aacde0b0) thrown at [/HUDSON3/workspace/8-2-build-macosx-x86_64/jdk8u25/1514/hotspot/src/share/vm/prims/jni.cpp, line 716]
Event: 0.386 Thread 0x00007ff6bc802000 Exception <a 'java/security/PrivilegedActionException'> (0x00000007aacde260) thrown at [/HUDSON3/workspace/8-2-build-macosx-x86_64/jdk8u25/1514/hotspot/src/share/vm/prims/jvm.cpp, line 1312]
Event: 0.386 Thread 0x00007ff6bc802000 Exception <a 'java/security/PrivilegedActionException'> (0x00000007aacde418) thrown at [/HUDSON3/workspace/8-2-build-macosx-x86_64/jdk8u25/1514/hotspot/src/share/vm/prims/jvm.cpp, line 1312]
Event: 0.386 Thread 0x00007ff6bc802000 Exception <a 'java/security/PrivilegedActionException'> (0x00000007aacde788) thrown at [/HUDSON3/workspace/8-2-build-macosx-x86_64/jdk8u25/1514/hotspot/src/share/vm/prims/jvm.cpp, line 1312]
Event: 0.413 Thread 0x00007ff6bc802000 Exception <a 'java/security/PrivilegedActionException'> (0x00000007aace53d0) thrown at [/HUDSON3/workspace/8-2-build-macosx-x86_64/jdk8u25/1514/hotspot/src/share/vm/prims/jvm.cpp, line 1312]

Events (10 events):
Event: 107.346 Executing VM operation: ChangeBreakpoints
Event: 107.346 Executing VM operation: ChangeBreakpoints done
Event: 172.122 Executing VM operation: ChangeBreakpoints
Event: 172.122 Executing VM operation: ChangeBreakpoints done
Event: 173.584 Executing VM operation: ChangeBreakpoints
Event: 173.584 Executing VM operation: ChangeBreakpoints done
Event: 176.602 Executing VM operation: ChangeBreakpoints
Event: 176.602 Executing VM operation: ChangeBreakpoints done
Event: 11821.469 Executing VM operation: RedefineClasses
Event: 11821.482 Executing VM operation: RedefineClasses done


Dynamic libraries:
0x000000000578b000 	/System/Library/Frameworks/Cocoa.framework/Versions/A/Cocoa
0x000000000578b000 	/System/Library/Frameworks/Security.framework/Versions/A/Security
0x000000000578b000 	/System/Library/Frameworks/ApplicationServices.framework/Versions/A/ApplicationServices
0x000000000578b000 	/usr/lib/libz.1.dylib
0x000000000578b000 	/usr/lib/libSystem.B.dylib
0x000000000578b000 	/usr/lib/libobjc.A.dylib
0x000000000578b000 	/System/Library/Frameworks/CoreFoundation.framework/Versions/A/CoreFoundation
0x000000000578b000 	/System/Library/Frameworks/Foundation.framework/Versions/C/Foundation
0x000000000578b000 	/System/Library/Frameworks/AppKit.framework/Versions/C/AppKit
0x000000000578b000 	/System/Library/Frameworks/CoreData.framework/Versions/A/CoreData
0x000000000578b000 	/System/Library/PrivateFrameworks/RemoteViewServices.framework/Versions/A/RemoteViewServices
0x000000000578b000 	/System/Library/Frameworks/AudioToolbox.framework/Versions/A/AudioToolbox
0x000000000578b000 	/System/Library/Frameworks/AudioUnit.framework/Versions/A/AudioUnit
0x000000000578b000 	/System/Library/PrivateFrameworks/DataDetectorsCore.framework/Versions/A/DataDetectorsCore
0x000000000578b000 	/System/Library/PrivateFrameworks/DesktopServicesPriv.framework/Versions/A/DesktopServicesPriv
0x000000000578b000 	/System/Library/Frameworks/Carbon.framework/Versions/A/Frameworks/HIToolbox.framework/Versions/A/HIToolbox
0x000000000578b000 	/System/Library/Frameworks/QuartzCore.framework/Versions/A/QuartzCore
0x000000000578b000 	/System/Library/Frameworks/Carbon.framework/Versions/A/Frameworks/SpeechRecognition.framework/Versions/A/SpeechRecognition
0x000000000578b000 	/usr/lib/libauto.dylib
0x000000000578b000 	/usr/lib/libicucore.A.dylib
0x000000000578b000 	/usr/lib/libxml2.2.dylib
0x000000000578b000 	/System/Library/PrivateFrameworks/CoreUI.framework/Versions/A/CoreUI
0x000000000578b000 	/System/Library/Frameworks/CoreAudio.framework/Versions/A/CoreAudio
0x000000000578b000 	/System/Library/Frameworks/DiskArbitration.framework/Versions/A/DiskArbitration
0x000000000578b000 	/usr/lib/liblangid.dylib
0x000000000578b000 	/System/Library/PrivateFrameworks/MultitouchSupport.framework/Versions/A/MultitouchSupport
0x000000000578b000 	/System/Library/Frameworks/IOKit.framework/Versions/A/IOKit
0x000000000578b000 	/usr/lib/libDiagnosticMessagesClient.dylib
0x000000000578b000 	/System/Library/Frameworks/CoreServices.framework/Versions/A/CoreServices
0x000000000578b000 	/System/Library/PrivateFrameworks/PerformanceAnalysis.framework/Versions/A/PerformanceAnalysis
0x000000000578b000 	/System/Library/PrivateFrameworks/GenerationalStorage.framework/Versions/A/GenerationalStorage
0x000000000578b000 	/System/Library/Frameworks/OpenGL.framework/Versions/A/OpenGL
0x000000000578b000 	/System/Library/PrivateFrameworks/Sharing.framework/Versions/A/Sharing
0x000000000578b000 	/System/Library/Frameworks/ImageIO.framework/Versions/A/ImageIO
0x000000000578b000 	/System/Library/Frameworks/CoreText.framework/Versions/A/CoreText
0x000000000578b000 	/System/Library/Frameworks/CoreGraphics.framework/Versions/A/CoreGraphics
0x000000000578b000 	/System/Library/PrivateFrameworks/Backup.framework/Versions/A/Backup
0x000000000578b000 	/System/Library/Frameworks/CFNetwork.framework/Versions/A/CFNetwork
0x000000000578b000 	/System/Library/Frameworks/SystemConfiguration.framework/Versions/A/SystemConfiguration
0x000000000578b000 	/usr/lib/libCRFSuite.dylib
0x000000000578b000 	/usr/lib/libc++.1.dylib
0x000000000578b000 	/usr/lib/libc++abi.dylib
0x000000000578b000 	/usr/lib/system/libcache.dylib
0x000000000578b000 	/usr/lib/system/libcommonCrypto.dylib
0x000000000578b000 	/usr/lib/system/libcompiler_rt.dylib
0x000000000578b000 	/usr/lib/system/libcopyfile.dylib
0x000000000578b000 	/usr/lib/system/libcorecrypto.dylib
0x000000000578b000 	/usr/lib/system/libdispatch.dylib
0x000000000578b000 	/usr/lib/system/libdyld.dylib
0x000000000578b000 	/usr/lib/system/libkeymgr.dylib
0x000000000578b000 	/usr/lib/system/liblaunch.dylib
0x000000000578b000 	/usr/lib/system/libmacho.dylib
0x000000000578b000 	/usr/lib/system/libquarantine.dylib
0x000000000578b000 	/usr/lib/system/libremovefile.dylib
0x000000000578b000 	/usr/lib/system/libsystem_asl.dylib
0x000000000578b000 	/usr/lib/system/libsystem_blocks.dylib
0x000000000578b000 	/usr/lib/system/libsystem_c.dylib
0x000000000578b000 	/usr/lib/system/libsystem_configuration.dylib
0x000000000578b000 	/usr/lib/system/libsystem_dnssd.dylib
0x000000000578b000 	/usr/lib/system/libsystem_info.dylib
0x000000000578b000 	/usr/lib/system/libsystem_kernel.dylib
0x000000000578b000 	/usr/lib/system/libsystem_m.dylib
0x000000000578b000 	/usr/lib/system/libsystem_malloc.dylib
0x000000000578b000 	/usr/lib/system/libsystem_network.dylib
0x000000000578b000 	/usr/lib/system/libsystem_notify.dylib
0x000000000578b000 	/usr/lib/system/libsystem_platform.dylib
0x000000000578b000 	/usr/lib/system/libsystem_pthread.dylib
0x000000000578b000 	/usr/lib/system/libsystem_sandbox.dylib
0x000000000578b000 	/usr/lib/system/libsystem_stats.dylib
0x000000000578b000 	/usr/lib/system/libunc.dylib
0x000000000578b000 	/usr/lib/system/libunwind.dylib
0x000000000578b000 	/usr/lib/system/libxpc.dylib
0x000000000578b000 	/usr/lib/libbsm.0.dylib
0x000000000578b000 	/usr/lib/libsqlite3.dylib
0x000000000578b000 	/usr/lib/libxar.1.dylib
0x000000000578b000 	/usr/lib/libpam.2.dylib
0x000000000578b000 	/usr/lib/libOpenScriptingUtil.dylib
0x000000000578b000 	/usr/lib/libbz2.1.0.dylib
0x000000000578b000 	/System/Library/Frameworks/CoreServices.framework/Versions/A/Frameworks/CarbonCore.framework/Versions/A/CarbonCore
0x000000000578b000 	/System/Library/Frameworks/CoreServices.framework/Versions/A/Frameworks/Metadata.framework/Versions/A/Metadata
0x000000000578b000 	/System/Library/Frameworks/CoreServices.framework/Versions/A/Frameworks/OSServices.framework/Versions/A/OSServices
0x000000000578b000 	/System/Library/Frameworks/CoreServices.framework/Versions/A/Frameworks/SearchKit.framework/Versions/A/SearchKit
0x000000000578b000 	/System/Library/Frameworks/CoreServices.framework/Versions/A/Frameworks/AE.framework/Versions/A/AE
0x000000000578b000 	/System/Library/Frameworks/CoreServices.framework/Versions/A/Frameworks/LaunchServices.framework/Versions/A/LaunchServices
0x000000000578b000 	/System/Library/Frameworks/CoreServices.framework/Versions/A/Frameworks/DictionaryServices.framework/Versions/A/DictionaryServices
0x000000000578b000 	/System/Library/Frameworks/NetFS.framework/Versions/A/NetFS
0x000000000578b000 	/usr/lib/system/libkxld.dylib
0x000000000578b000 	/System/Library/PrivateFrameworks/NetAuth.framework/Versions/A/NetAuth
0x000000000578b000 	/System/Library/PrivateFrameworks/TCC.framework/Versions/A/TCC
0x000000000578b000 	/System/Library/Frameworks/OpenDirectory.framework/Versions/A/Frameworks/CFOpenDirectory.framework/Versions/A/CFOpenDirectory
0x000000000578b000 	/System/Library/Frameworks/ServiceManagement.framework/Versions/A/ServiceManagement
0x000000000578b000 	/usr/lib/libxslt.1.dylib
0x000000000578b000 	/System/Library/Frameworks/Carbon.framework/Versions/A/Frameworks/Ink.framework/Versions/A/Ink
0x000000000578b000 	/System/Library/Frameworks/ApplicationServices.framework/Versions/A/Frameworks/ATS.framework/Versions/A/ATS
0x000000000578b000 	/System/Library/Frameworks/ApplicationServices.framework/Versions/A/Frameworks/ColorSync.framework/Versions/A/ColorSync
0x000000000578b000 	/System/Library/Frameworks/ApplicationServices.framework/Versions/A/Frameworks/HIServices.framework/Versions/A/HIServices
0x000000000578b000 	/System/Library/Frameworks/ApplicationServices.framework/Versions/A/Frameworks/LangAnalysis.framework/Versions/A/LangAnalysis
0x000000000578b000 	/System/Library/Frameworks/ApplicationServices.framework/Versions/A/Frameworks/PrintCore.framework/Versions/A/PrintCore
0x000000000578b000 	/System/Library/Frameworks/ApplicationServices.framework/Versions/A/Frameworks/QD.framework/Versions/A/QD
0x000000000578b000 	/System/Library/Frameworks/ApplicationServices.framework/Versions/A/Frameworks/SpeechSynthesis.framework/Versions/A/SpeechSynthesis
0x000000000578b000 	/System/Library/Frameworks/IOSurface.framework/Versions/A/IOSurface
0x000000000578b000 	/System/Library/Frameworks/Accelerate.framework/Versions/A/Accelerate
0x000000000578b000 	/System/Library/Frameworks/Accelerate.framework/Versions/A/Frameworks/vImage.framework/Versions/A/vImage
0x000000000578b000 	/System/Library/Frameworks/Accelerate.framework/Versions/A/Frameworks/vecLib.framework/Versions/A/vecLib
0x000000000578b000 	/System/Library/Frameworks/Accelerate.framework/Versions/A/Frameworks/vecLib.framework/Versions/A/libvDSP.dylib
0x000000000578b000 	/System/Library/Frameworks/Accelerate.framework/Versions/A/Frameworks/vecLib.framework/Versions/A/libvMisc.dylib
0x000000000578b000 	/System/Library/Frameworks/Accelerate.framework/Versions/A/Frameworks/vecLib.framework/Versions/A/libLAPACK.dylib
0x000000000578b000 	/System/Library/Frameworks/Accelerate.framework/Versions/A/Frameworks/vecLib.framework/Versions/A/libBLAS.dylib
0x000000000578b000 	/System/Library/Frameworks/ApplicationServices.framework/Versions/A/Frameworks/ATS.framework/Versions/A/Resources/libFontParser.dylib
0x000000000578b000 	/System/Library/Frameworks/ApplicationServices.framework/Versions/A/Frameworks/ATS.framework/Versions/A/Resources/libFontRegistry.dylib
0x000000000578b000 	/System/Library/Frameworks/ImageIO.framework/Versions/A/Resources/libJPEG.dylib
0x000000000578b000 	/System/Library/Frameworks/ImageIO.framework/Versions/A/Resources/libTIFF.dylib
0x000000000578b000 	/System/Library/Frameworks/ImageIO.framework/Versions/A/Resources/libPng.dylib
0x000000000578b000 	/System/Library/Frameworks/ImageIO.framework/Versions/A/Resources/libGIF.dylib
0x000000000578b000 	/System/Library/Frameworks/ImageIO.framework/Versions/A/Resources/libJP2.dylib
0x000000000578b000 	/System/Library/Frameworks/ImageIO.framework/Versions/A/Resources/libRadiance.dylib
0x000000000578b000 	/usr/lib/libcups.2.dylib
0x000000000578b000 	/System/Library/Frameworks/Kerberos.framework/Versions/A/Kerberos
0x000000000578b000 	/System/Library/Frameworks/GSS.framework/Versions/A/GSS
0x000000000578b000 	/usr/lib/libresolv.9.dylib
0x000000000578b000 	/usr/lib/libiconv.2.dylib
0x000000000578b000 	/System/Library/PrivateFrameworks/Heimdal.framework/Versions/A/Heimdal
0x000000000578b000 	/System/Library/PrivateFrameworks/TrustEvaluationAgent.framework/Versions/A/TrustEvaluationAgent
0x000000000578b000 	/usr/lib/libheimdal-asn1.dylib
0x000000000578b000 	/System/Library/Frameworks/OpenDirectory.framework/Versions/A/OpenDirectory
0x000000000578b000 	/System/Library/PrivateFrameworks/CommonAuth.framework/Versions/A/CommonAuth
0x000000000578b000 	/System/Library/Frameworks/SecurityFoundation.framework/Versions/A/SecurityFoundation
0x000000000578b000 	/System/Library/PrivateFrameworks/Bom.framework/Versions/A/Bom
0x000000000578b000 	/System/Library/Frameworks/CoreVideo.framework/Versions/A/CoreVideo
0x000000000578b000 	/System/Library/Frameworks/QuartzCore.framework/Versions/A/Frameworks/CoreImage.framework/Versions/A/CoreImage
0x000000000578b000 	/System/Library/Frameworks/QuartzCore.framework/Versions/A/Frameworks/ScalableUserInterface.framework/Versions/A/ScalableUserInterface
0x000000000578b000 	/System/Library/Frameworks/OpenGL.framework/Versions/A/Libraries/libGLU.dylib
0x000000000578b000 	/System/Library/Frameworks/OpenGL.framework/Versions/A/Libraries/libGFXShared.dylib
0x000000000578b000 	/System/Library/Frameworks/OpenGL.framework/Versions/A/Libraries/libGL.dylib
0x000000000578b000 	/System/Library/Frameworks/OpenGL.framework/Versions/A/Libraries/libGLImage.dylib
0x000000000578b000 	/System/Library/Frameworks/OpenGL.framework/Versions/A/Libraries/libCVMSPluginSupport.dylib
0x000000000578b000 	/System/Library/Frameworks/OpenGL.framework/Versions/A/Libraries/libCoreVMClient.dylib
0x000000000578b000 	/System/Library/PrivateFrameworks/FaceCore.framework/Versions/A/FaceCore
0x000000000578b000 	/System/Library/PrivateFrameworks/CrashReporterSupport.framework/Versions/A/CrashReporterSupport
0x000000000578b000 	/System/Library/Frameworks/OpenCL.framework/Versions/A/OpenCL
0x000000000578b000 	/System/Library/PrivateFrameworks/AppleFSCompression.framework/Versions/A/AppleFSCompression
0x000000000578b000 	/System/Library/PrivateFrameworks/Ubiquity.framework/Versions/A/Ubiquity
0x000000000578b000 	/System/Library/PrivateFrameworks/IconServices.framework/Versions/A/IconServices
0x000000000578b000 	/System/Library/PrivateFrameworks/ChunkingLibrary.framework/Versions/A/ChunkingLibrary
0x000000000578b000 	/System/Library/PrivateFrameworks/CoreSymbolication.framework/Versions/A/CoreSymbolication
0x000000000578b000 	/System/Library/PrivateFrameworks/Symbolication.framework/Versions/A/Symbolication
0x000000000578b000 	/System/Library/PrivateFrameworks/DebugSymbols.framework/Versions/A/DebugSymbols
0x000000010c800000 	/Library/Java/JavaVirtualMachines/jdk1.8.0_25.jdk/Contents/Home/jre/lib/server/libjvm.dylib
0x000000000578b000 	/usr/lib/libstdc++.6.dylib
0x000000010bf9b000 	/Library/Java/JavaVirtualMachines/jdk1.8.0_25.jdk/Contents/Home/jre/lib/libverify.dylib
0x000000010bfa9000 	/Library/Java/JavaVirtualMachines/jdk1.8.0_25.jdk/Contents/Home/jre/lib/libjava.dylib
0x000000010d81f000 	/Library/Java/JavaVirtualMachines/jdk1.8.0_25.jdk/Contents/Home/jre/lib/libjdwp.dylib
0x000000010bfde000 	/Library/Java/JavaVirtualMachines/jdk1.8.0_25.jdk/Contents/Home/jre/lib/libnpt.dylib
0x000000010bfeb000 	/Library/Java/JavaVirtualMachines/jdk1.8.0_25.jdk/Contents/Home/jre/lib/libzip.dylib
0x0000000121375000 	/System/Library/Frameworks/JavaVM.framework/Frameworks/JavaRuntimeSupport.framework/JavaRuntimeSupport
0x000000012138d000 	/System/Library/Frameworks/JavaVM.framework/Versions/A/Frameworks/JavaNativeFoundation.framework/Versions/A/JavaNativeFoundation
0x00000001213a2000 	/System/Library/Frameworks/JavaVM.framework/Versions/A/JavaVM
0x000000000578b000 	/System/Library/Frameworks/Carbon.framework/Versions/A/Carbon
0x00000001213af000 	/System/Library/PrivateFrameworks/JavaLaunching.framework/Versions/A/JavaLaunching
0x000000000578b000 	/System/Library/Frameworks/Carbon.framework/Versions/A/Frameworks/CommonPanels.framework/Versions/A/CommonPanels
0x000000000578b000 	/System/Library/Frameworks/Carbon.framework/Versions/A/Frameworks/Help.framework/Versions/A/Help
0x000000000578b000 	/System/Library/Frameworks/Carbon.framework/Versions/A/Frameworks/ImageCapture.framework/Versions/A/ImageCapture
0x000000000578b000 	/System/Library/Frameworks/Carbon.framework/Versions/A/Frameworks/OpenScripting.framework/Versions/A/OpenScripting
0x000000000578b000 	/System/Library/Frameworks/Carbon.framework/Versions/A/Frameworks/Print.framework/Versions/A/Print
0x000000000578b000 	/System/Library/Frameworks/Carbon.framework/Versions/A/Frameworks/SecurityHI.framework/Versions/A/SecurityHI
0x000000010bff7000 	/Library/Java/JavaVirtualMachines/jdk1.8.0_25.jdk/Contents/Home/jre/lib/libdt_socket.dylib

VM Arguments:
jvm_args: -agentlib:jdwp=transport=dt_socket,suspend=y,address=localhost:49681 -Dfile.encoding=UTF-8 
java_command: PravoDugZadatak
java_class_path (initial): /Users/gorjankalauzovic/Documents/workspace/27112014/bin
Launcher Type: SUN_STANDARD

Environment Variables:
PATH=/usr/bin:/bin:/usr/sbin:/sbin
SHELL=/bin/bash

Signal Handlers:
SIGSEGV: [libjvm.dylib+0x579dc7], sa_mask[0]=11111111011111110111111111111111, sa_flags=SA_ONSTACK|SA_RESTART|SA_SIGINFO
SIGBUS: [libjvm.dylib+0x579dc7], sa_mask[0]=11111111011111110111111111111111, sa_flags=SA_RESTART|SA_SIGINFO
SIGFPE: [libjvm.dylib+0x45b030], sa_mask[0]=11111111011111110111111111111111, sa_flags=SA_RESTART|SA_SIGINFO
SIGPIPE: [libjvm.dylib+0x45b030], sa_mask[0]=11111111011111110111111111111111, sa_flags=SA_RESTART|SA_SIGINFO
SIGXFSZ: [libjvm.dylib+0x45b030], sa_mask[0]=11111111011111110111111111111111, sa_flags=SA_RESTART|SA_SIGINFO
SIGILL: [libjvm.dylib+0x45b030], sa_mask[0]=11111111011111110111111111111111, sa_flags=SA_RESTART|SA_SIGINFO
SIGUSR1: SIG_DFL, sa_mask[0]=00000000000000000000000000000000, sa_flags=SA_RESTART
SIGUSR2: [libjvm.dylib+0x45ab4e], sa_mask[0]=00100000000000000000000000000000, sa_flags=SA_RESTART|SA_SIGINFO
SIGHUP: [libjvm.dylib+0x459121], sa_mask[0]=11111111011111110111111111111111, sa_flags=SA_RESTART|SA_SIGINFO
SIGINT: [libjvm.dylib+0x459121], sa_mask[0]=11111111011111110111111111111111, sa_flags=SA_RESTART|SA_SIGINFO
SIGTERM: [libjvm.dylib+0x459121], sa_mask[0]=11111111011111110111111111111111, sa_flags=SA_RESTART|SA_SIGINFO
SIGQUIT: [libjvm.dylib+0x459121], sa_mask[0]=11111111011111110111111111111111, sa_flags=SA_RESTART|SA_SIGINFO


---------------  S Y S T E M  ---------------

OS:Bsduname:Darwin 13.3.0 Darwin Kernel Version 13.3.0: Tue Jun  3 21:27:35 PDT 2014; root:xnu-2422.110.17~1/RELEASE_X86_64 x86_64
rlimit: STACK 8192k, CORE 0k, NPROC 709, NOFILE 10240, AS infinity
load average:2.28 1.89 1.69

CPU:total 4 (2 cores per cpu, 2 threads per core) family 6 model 58 stepping 9, cmov, cx8, fxsr, mmx, sse, sse2, sse3, ssse3, sse4.1, sse4.2, popcnt, avx, aes, clmul, erms, ht, tsc, tscinvbit, tscinv

Memory: 4k page, physical 4194304k(2001468k free)

/proc/meminfo:


vm_info: Java HotSpot(TM) 64-Bit Server VM (25.25-b02) for bsd-amd64 JRE (1.8.0_25-b17), built on Sep 17 2014 16:56:50 by "java_re" with gcc 4.2.1 (Based on Apple Inc. build 5658) (LLVM build 2336.11.00)

time: Fri Nov 28 15:10:05 2014
elapsed time: 11821 seconds (0d 3h 17m 1s)

