#
# A fatal error has been detected by the Java Runtime Environment:
#
#  SIGSEGV (0xb) at pc=0x0000000104e232b0, pid=4289, tid=18179
#
# JRE version: Java(TM) SE Runtime Environment (8.0_25-b17) (build 1.8.0_25-b17)
# Java VM: Java HotSpot(TM) 64-Bit Server VM (25.25-b02 mixed mode bsd-amd64 compressed oops)
# Problematic frame:
# V  [libjvm.dylib+0x4232b0]  Method::checked_resolve_jmethod_id(_jmethodID*)+0xe
#
# Failed to write core dump. Core dumps have been disabled. To enable core dumping, try "ulimit -c unlimited" before starting Java again
#
# If you would like to submit a bug report, please visit:
#   http://bugreport.sun.com/bugreport/crash.jsp
#

---------------  T H R E A D  ---------------

Current thread (0x00007faf93009800):  JavaThread "JDWP Transport Listener: dt_socket" daemon [_thread_in_vm, id=18179, stack(0x0000000119781000,0x0000000119881000)]

siginfo: si_signo: 11 (SIGSEGV), si_code: 0 (unknown), si_addr: 0x0000000000000000

Registers:
RAX=0x0000000000000001, RBX=0x0000000119880a8b, RCX=0x00000001051d6c80, RDX=0x0000000119880a8b
RSP=0x00000001198809d0, RBP=0x00000001198809e0, RSI=0x00007faf93009800, RDI=0xb000000000000000
R8 =0x00007faf9261e8f0, R9 =0x0000000000000000, R10=0x0000000057277c6f, R11=0x00000000faf59cf9
R12=0x00007faf93009800, R13=0xb000000000000000, R14=0xb000000000000000, R15=0x00007faf9240f620
RIP=0x0000000104e232b0, EFLAGS=0x0000000000010286, ERR=0x0000000000000000
  TRAPNO=0x000000000000000d

Top of Stack: (sp=0x00000001198809d0)
0x00000001198809d0:   0000000119880a8b 0000000119880a8b
0x00000001198809e0:   0000000119880a40 0000000104d3526e
0x00000001198809f0:   00007faf93009800 0000000000000000
0x0000000119880a00:   0000000000000000 0000000000000000
0x0000000119880a10:   00007faf93009800 00007faf93009800
0x0000000119880a20:   0000000119880a8b 0000000119880a90
0x0000000119880a30:   b000000000000000 0000000000000009
0x0000000119880a40:   0000000119880a60 00000001041bb7dc
0x0000000119880a50:   0000000000000001 0000000119880b08
0x0000000119880a60:   0000000119880ad0 00000001041a0263
0x0000000119880a70:   0000000119880aa0 00007faf92622cb0
0x0000000119880a80:   0000000a00000032 0000000900880b08
0x0000000119880a90:   0000000000000000 0000000000000000
0x0000000119880aa0:   0000000000000000 0000000119880c90
0x0000000119880ab0:   00000001041c2eca 00007faf92606fb0
0x0000000119880ac0:   0000000119880b08 00000001041ce588
0x0000000119880ad0:   0000000119880ae0 00000001041a035c
0x0000000119880ae0:   0000000119880d00 00000001041a98f6
0x0000000119880af0:   000006b900000013 00000000000f0200
0x0000000119880b00:   00007faf926061a0 00007faf92629a91
0x0000000119880b10:   00007faf00000217 00007faf92622ba0
0x0000000119880b20:   00007faf0000012c 0000000119880b58
0x0000000119880b30:   00007faf92622ba0 00007f0000000000
0x0000000119880b40:   000006b900000020 00007fff00000e80
0x0000000119880b50:   0000000119880b58 af7f00000a000000
0x0000000119880b60:   06000000f02b6292 00003e74696e693c
0x0000000119880b70:   0000005629280300 7f00000100000000
0x0000000119880b80:   000000002d6292af 697473496976730d
0x0000000119880b90:   0000616e6f6c6f4b 5a29495b5b280600
0x0000000119880ba0:   0a00000000000000 002c6292af7f0000
0x0000000119880bb0:   6e69727005000000 5b5b280600000074
0x0000000119880bc0:   0000000000562949 92af7f0000090000 

Instructions: (pc=0x0000000104e232b0)
0x0000000104e23290:   40 48 48 85 c0 75 e0 30 c0 0f b6 c0 5d c3 31 c0
0x0000000104e232a0:   5d c3 55 48 89 e5 53 48 83 ec 08 48 85 ff 74 24
0x0000000104e232b0:   48 8b 1f 48 85 db 74 1c 48 83 fb 37 74 16 48 8b
0x0000000104e232c0:   03 48 89 df ff 50 10 84 c0 b8 00 00 00 00 48 0f 

Register to memory mapping:

RAX=0x0000000000000001 is an unknown value
RBX=0x0000000119880a8b is pointing into the stack for thread: 0x00007faf93009800
RCX=0x00000001051d6c80: UseMembar+0 in /Library/Java/JavaVirtualMachines/jdk1.8.0_25.jdk/Contents/Home/jre/lib/server/libjvm.dylib at 0x0000000104a00000
RDX=0x0000000119880a8b is pointing into the stack for thread: 0x00007faf93009800
RSP=0x00000001198809d0 is pointing into the stack for thread: 0x00007faf93009800
RBP=0x00000001198809e0 is pointing into the stack for thread: 0x00007faf93009800
RSI=0x00007faf93009800 is a thread
RDI=0xb000000000000000 is an unknown value
R8 =0x00007faf9261e8f0 is an unknown value
R9 =0x0000000000000000 is an unknown value
R10=0x0000000057277c6f is an unknown value
R11=0x00000000faf59cf9 is an unknown value
R12=0x00007faf93009800 is a thread
R13=0xb000000000000000 is an unknown value
R14=0xb000000000000000 is an unknown value
R15=0x00007faf9240f620 is an unknown value


Stack: [0x0000000119781000,0x0000000119881000],  sp=0x00000001198809d0,  free space=1022k
Native frames: (J=compiled Java code, j=interpreted, Vv=VM code, C=native code)
V  [libjvm.dylib+0x4232b0]  Method::checked_resolve_jmethod_id(_jmethodID*)+0xe
V  [libjvm.dylib+0x33526e]  jvmti_IsMethodSynthetic+0xb2
C  [libjdwp.dylib+0x207dc]  isMethodSynthetic+0x63
C  [libjdwp.dylib+0x5263]  methods1+0x10b
C  [libjdwp.dylib+0x535c]  methodsWithGeneric+0xe
C  [libjdwp.dylib+0xe8f6]  debugLoop_run+0x1ce
C  [libjdwp.dylib+0x1f716]  attachThread+0x4d
V  [libjvm.dylib+0x3762ce]  JvmtiAgentThread::call_start_function()+0x38
V  [libjvm.dylib+0x535ed9]  JavaThread::thread_main_inner()+0x9b
V  [libjvm.dylib+0x53761c]  JavaThread::run()+0x1c2
V  [libjvm.dylib+0x45d87e]  java_start(Thread*)+0xf6
C  [libsystem_pthread.dylib+0x1899]  _pthread_body+0x8a
C  [libsystem_pthread.dylib+0x172a]  _pthread_struct_init+0x0
C  [libsystem_pthread.dylib+0x5fc9]  thread_start+0xd
C  0x0000000000000000


---------------  P R O C E S S  ---------------

Java Threads: ( => current thread )
  0x00007faf92832000 JavaThread "Service Thread" daemon [_thread_blocked, id=21251, stack(0x0000000119d93000,0x0000000119e93000)]
  0x00007faf9300f000 JavaThread "C1 CompilerThread2" daemon [_thread_blocked, id=20739, stack(0x0000000119c90000,0x0000000119d90000)]
  0x00007faf9300e800 JavaThread "C2 CompilerThread1" daemon [_thread_blocked, id=20227, stack(0x0000000119b8d000,0x0000000119c8d000)]
  0x00007faf9300d000 JavaThread "C2 CompilerThread0" daemon [_thread_blocked, id=19715, stack(0x0000000119a8a000,0x0000000119b8a000)]
  0x00007faf9300c000 JavaThread "JDWP Command Reader" daemon [_thread_in_native, id=19203, stack(0x0000000119987000,0x0000000119a87000)]
  0x00007faf9300a800 JavaThread "JDWP Event Helper Thread" daemon [_thread_blocked, id=18691, stack(0x0000000119884000,0x0000000119984000)]
=>0x00007faf93009800 JavaThread "JDWP Transport Listener: dt_socket" daemon [_thread_in_vm, id=18179, stack(0x0000000119781000,0x0000000119881000)]
  0x00007faf93016800 JavaThread "Signal Dispatcher" daemon [_thread_blocked, id=17667, stack(0x0000000119677000,0x0000000119777000)]
  0x00007faf94060000 JavaThread "Finalizer" daemon [_thread_blocked, id=12547, stack(0x0000000119428000,0x0000000119528000)]
  0x00007faf9405f800 JavaThread "Reference Handler" daemon [_thread_blocked, id=12035, stack(0x0000000119325000,0x0000000119425000)]
  0x00007faf94000000 JavaThread "main" [_thread_in_native, id=6403, stack(0x000000010591d000,0x0000000105a1d000)]

Other Threads:
  0x00007faf9405b000 VMThread [stack: 0x0000000119222000,0x0000000119322000] [id=11523]
  0x00007faf9300b800 WatcherThread [stack: 0x0000000119e96000,0x0000000119f96000] [id=21763]

VM state:not at safepoint (normal execution)

VM Mutex/Monitor currently owned by a thread: None

Heap:
 PSYoungGen      total 18944K, used 2316K [0x00000007aab00000, 0x00000007ac000000, 0x00000007c0000000)
  eden space 16384K, 14% used [0x00000007aab00000,0x00000007aad432f0,0x00000007abb00000)
  from space 2560K, 0% used [0x00000007abd80000,0x00000007abd80000,0x00000007ac000000)
  to   space 2560K, 0% used [0x00000007abb00000,0x00000007abb00000,0x00000007abd80000)
 ParOldGen       total 44032K, used 0K [0x0000000780000000, 0x0000000782b00000, 0x00000007aab00000)
  object space 44032K, 0% used [0x0000000780000000,0x0000000780000000,0x0000000782b00000)
 Metaspace       used 2932K, capacity 4554K, committed 4864K, reserved 1056768K
  class space    used 314K, capacity 386K, committed 512K, reserved 1048576K

Card table byte_map: [0x0000000114ddf000,0x0000000114fe0000] byte_map_base: 0x00000001111df000

Marking Bits: (ParMarkBitMap*) 0x000000010529d390
 Begin Bits: [0x0000000115542000, 0x0000000116542000)
 End Bits:   [0x0000000116542000, 0x0000000117542000)

Polling page: 0x000000010419a000

CodeCache: size=245760Kb used=1160Kb max_used=1160Kb free=244599Kb
 bounds [0x0000000105a1f000, 0x0000000105c8f000, 0x0000000114a1f000]
 total_blobs=272 nmethods=46 adapters=149
 compilation: enabled

Compilation events (10 events):
Event: 0.163 Thread 0x00007faf9300f000   42       1       java.net.URL::getProtocol (5 bytes)
Event: 0.163 Thread 0x00007faf9300f000 nmethod 42 0x0000000105b3edd0 code [0x0000000105b3ef20, 0x0000000105b3f030]
Event: 0.163 Thread 0x00007faf9300f000   43       3       java.util.Arrays::copyOf (19 bytes)
Event: 0.164 Thread 0x00007faf9300f000 nmethod 43 0x0000000105b3e7d0 code [0x0000000105b3e960, 0x0000000105b3ec88]
Event: 0.164 Thread 0x00007faf9300f000   45       1       java.lang.StringCoding$StringEncoder::requestedCharsetName (5 bytes)
Event: 0.164 Thread 0x00007faf9300f000 nmethod 45 0x0000000105b3e510 code [0x0000000105b3e660, 0x0000000105b3e770]
Event: 0.164 Thread 0x00007faf9300f000   44       1       java.io.File::getPath (5 bytes)
Event: 0.164 Thread 0x00007faf9300f000 nmethod 44 0x0000000105b3e250 code [0x0000000105b3e3a0, 0x0000000105b3e4b0]
Event: 0.167 Thread 0x00007faf9300f000   46       3       java.lang.AbstractStringBuilder::expandCapacity (50 bytes)
Event: 0.168 Thread 0x00007faf9300f000 nmethod 46 0x0000000105b40d10 code [0x0000000105b40ec0, 0x0000000105b41418]

GC Heap History (0 events):
No events

Deoptimization events (0 events):
No events

Internal exceptions (10 events):
Event: 0.161 Thread 0x00007faf94000000 Exception <a 'java/security/PrivilegedActionException'> (0x00000007aacca100) thrown at [/HUDSON3/workspace/8-2-build-macosx-x86_64/jdk8u25/1514/hotspot/src/share/vm/prims/jvm.cpp, line 1312]
Event: 0.161 Thread 0x00007faf94000000 Exception <a 'java/security/PrivilegedActionException'> (0x00000007aacca2b8) thrown at [/HUDSON3/workspace/8-2-build-macosx-x86_64/jdk8u25/1514/hotspot/src/share/vm/prims/jvm.cpp, line 1312]
Event: 0.162 Thread 0x00007faf94000000 Exception <a 'java/util/zip/ZipException'> (0x00000007aaccb000) thrown at [/HUDSON3/workspace/8-2-build-macosx-x86_64/jdk8u25/1514/hotspot/src/share/vm/prims/jni.cpp, line 716]
Event: 0.162 Thread 0x00007faf94000000 Exception <a 'java/security/PrivilegedActionException'> (0x00000007aaccb1b0) thrown at [/HUDSON3/workspace/8-2-build-macosx-x86_64/jdk8u25/1514/hotspot/src/share/vm/prims/jvm.cpp, line 1312]
Event: 0.162 Thread 0x00007faf94000000 Exception <a 'java/security/PrivilegedActionException'> (0x00000007aaccb368) thrown at [/HUDSON3/workspace/8-2-build-macosx-x86_64/jdk8u25/1514/hotspot/src/share/vm/prims/jvm.cpp, line 1312]
Event: 0.165 Thread 0x00007faf94000000 Exception <a 'java/util/zip/ZipException'> (0x00000007aacde098) thrown at [/HUDSON3/workspace/8-2-build-macosx-x86_64/jdk8u25/1514/hotspot/src/share/vm/prims/jni.cpp, line 716]
Event: 0.165 Thread 0x00007faf94000000 Exception <a 'java/security/PrivilegedActionException'> (0x00000007aacde248) thrown at [/HUDSON3/workspace/8-2-build-macosx-x86_64/jdk8u25/1514/hotspot/src/share/vm/prims/jvm.cpp, line 1312]
Event: 0.165 Thread 0x00007faf94000000 Exception <a 'java/security/PrivilegedActionException'> (0x00000007aacde400) thrown at [/HUDSON3/workspace/8-2-build-macosx-x86_64/jdk8u25/1514/hotspot/src/share/vm/prims/jvm.cpp, line 1312]
Event: 0.165 Thread 0x00007faf94000000 Exception <a 'java/security/PrivilegedActionException'> (0x00000007aacde770) thrown at [/HUDSON3/workspace/8-2-build-macosx-x86_64/jdk8u25/1514/hotspot/src/share/vm/prims/jvm.cpp, line 1312]
Event: 0.189 Thread 0x00007faf94000000 Exception <a 'java/security/PrivilegedActionException'> (0x00000007aace54e8) thrown at [/HUDSON3/workspace/8-2-build-macosx-x86_64/jdk8u25/1514/hotspot/src/share/vm/prims/jvm.cpp, line 1312]

Events (10 events):
Event: 0.202 loading class java/util/regex/Pattern$First
Event: 0.202 loading class java/util/regex/Pattern$First done
Event: 0.202 loading class java/util/regex/Pattern$Start
Event: 0.202 loading class java/util/regex/Pattern$Start done
Event: 0.203 loading class java/util/regex/Pattern$TreeInfo
Event: 0.203 loading class java/util/regex/Pattern$TreeInfo done
Event: 4.141 Executing VM operation: EnableBiasedLocking
Event: 4.141 Executing VM operation: EnableBiasedLocking done
Event: 6724.203 Executing VM operation: RedefineClasses
Event: 6724.203 Executing VM operation: RedefineClasses done


Dynamic libraries:
0x000000000578b000 	/System/Library/Frameworks/Cocoa.framework/Versions/A/Cocoa
0x000000000578b000 	/System/Library/Frameworks/Security.framework/Versions/A/Security
0x000000000578b000 	/System/Library/Frameworks/ApplicationServices.framework/Versions/A/ApplicationServices
0x000000000578b000 	/usr/lib/libz.1.dylib
0x000000000578b000 	/usr/lib/libSystem.B.dylib
0x000000000578b000 	/usr/lib/libobjc.A.dylib
0x000000000578b000 	/System/Library/Frameworks/CoreFoundation.framework/Versions/A/CoreFoundation
0x000000000578b000 	/System/Library/Frameworks/Foundation.framework/Versions/C/Foundation
0x000000000578b000 	/System/Library/Frameworks/AppKit.framework/Versions/C/AppKit
0x000000000578b000 	/System/Library/Frameworks/CoreData.framework/Versions/A/CoreData
0x000000000578b000 	/System/Library/PrivateFrameworks/RemoteViewServices.framework/Versions/A/RemoteViewServices
0x000000000578b000 	/System/Library/Frameworks/AudioToolbox.framework/Versions/A/AudioToolbox
0x000000000578b000 	/System/Library/Frameworks/AudioUnit.framework/Versions/A/AudioUnit
0x000000000578b000 	/System/Library/PrivateFrameworks/DataDetectorsCore.framework/Versions/A/DataDetectorsCore
0x000000000578b000 	/System/Library/PrivateFrameworks/DesktopServicesPriv.framework/Versions/A/DesktopServicesPriv
0x000000000578b000 	/System/Library/Frameworks/Carbon.framework/Versions/A/Frameworks/HIToolbox.framework/Versions/A/HIToolbox
0x000000000578b000 	/System/Library/Frameworks/QuartzCore.framework/Versions/A/QuartzCore
0x000000000578b000 	/System/Library/Frameworks/Carbon.framework/Versions/A/Frameworks/SpeechRecognition.framework/Versions/A/SpeechRecognition
0x000000000578b000 	/usr/lib/libauto.dylib
0x000000000578b000 	/usr/lib/libicucore.A.dylib
0x000000000578b000 	/usr/lib/libxml2.2.dylib
0x000000000578b000 	/System/Library/PrivateFrameworks/CoreUI.framework/Versions/A/CoreUI
0x000000000578b000 	/System/Library/Frameworks/CoreAudio.framework/Versions/A/CoreAudio
0x000000000578b000 	/System/Library/Frameworks/DiskArbitration.framework/Versions/A/DiskArbitration
0x000000000578b000 	/usr/lib/liblangid.dylib
0x000000000578b000 	/System/Library/PrivateFrameworks/MultitouchSupport.framework/Versions/A/MultitouchSupport
0x000000000578b000 	/System/Library/Frameworks/IOKit.framework/Versions/A/IOKit
0x000000000578b000 	/usr/lib/libDiagnosticMessagesClient.dylib
0x000000000578b000 	/System/Library/Frameworks/CoreServices.framework/Versions/A/CoreServices
0x000000000578b000 	/System/Library/PrivateFrameworks/PerformanceAnalysis.framework/Versions/A/PerformanceAnalysis
0x000000000578b000 	/System/Library/PrivateFrameworks/GenerationalStorage.framework/Versions/A/GenerationalStorage
0x000000000578b000 	/System/Library/Frameworks/OpenGL.framework/Versions/A/OpenGL
0x000000000578b000 	/System/Library/PrivateFrameworks/Sharing.framework/Versions/A/Sharing
0x000000000578b000 	/System/Library/Frameworks/ImageIO.framework/Versions/A/ImageIO
0x000000000578b000 	/System/Library/Frameworks/CoreText.framework/Versions/A/CoreText
0x000000000578b000 	/System/Library/Frameworks/CoreGraphics.framework/Versions/A/CoreGraphics
0x000000000578b000 	/System/Library/PrivateFrameworks/Backup.framework/Versions/A/Backup
0x000000000578b000 	/System/Library/Frameworks/CFNetwork.framework/Versions/A/CFNetwork
0x000000000578b000 	/System/Library/Frameworks/SystemConfiguration.framework/Versions/A/SystemConfiguration
0x000000000578b000 	/usr/lib/libCRFSuite.dylib
0x000000000578b000 	/usr/lib/libc++.1.dylib
0x000000000578b000 	/usr/lib/libc++abi.dylib
0x000000000578b000 	/usr/lib/system/libcache.dylib
0x000000000578b000 	/usr/lib/system/libcommonCrypto.dylib
0x000000000578b000 	/usr/lib/system/libcompiler_rt.dylib
0x000000000578b000 	/usr/lib/system/libcopyfile.dylib
0x000000000578b000 	/usr/lib/system/libcorecrypto.dylib
0x000000000578b000 	/usr/lib/system/libdispatch.dylib
0x000000000578b000 	/usr/lib/system/libdyld.dylib
0x000000000578b000 	/usr/lib/system/libkeymgr.dylib
0x000000000578b000 	/usr/lib/system/liblaunch.dylib
0x000000000578b000 	/usr/lib/system/libmacho.dylib
0x000000000578b000 	/usr/lib/system/libquarantine.dylib
0x000000000578b000 	/usr/lib/system/libremovefile.dylib
0x000000000578b000 	/usr/lib/system/libsystem_asl.dylib
0x000000000578b000 	/usr/lib/system/libsystem_blocks.dylib
0x000000000578b000 	/usr/lib/system/libsystem_c.dylib
0x000000000578b000 	/usr/lib/system/libsystem_configuration.dylib
0x000000000578b000 	/usr/lib/system/libsystem_dnssd.dylib
0x000000000578b000 	/usr/lib/system/libsystem_info.dylib
0x000000000578b000 	/usr/lib/system/libsystem_kernel.dylib
0x000000000578b000 	/usr/lib/system/libsystem_m.dylib
0x000000000578b000 	/usr/lib/system/libsystem_malloc.dylib
0x000000000578b000 	/usr/lib/system/libsystem_network.dylib
0x000000000578b000 	/usr/lib/system/libsystem_notify.dylib
0x000000000578b000 	/usr/lib/system/libsystem_platform.dylib
0x000000000578b000 	/usr/lib/system/libsystem_pthread.dylib
0x000000000578b000 	/usr/lib/system/libsystem_sandbox.dylib
0x000000000578b000 	/usr/lib/system/libsystem_stats.dylib
0x000000000578b000 	/usr/lib/system/libunc.dylib
0x000000000578b000 	/usr/lib/system/libunwind.dylib
0x000000000578b000 	/usr/lib/system/libxpc.dylib
0x000000000578b000 	/usr/lib/libbsm.0.dylib
0x000000000578b000 	/usr/lib/libsqlite3.dylib
0x000000000578b000 	/usr/lib/libxar.1.dylib
0x000000000578b000 	/usr/lib/libpam.2.dylib
0x000000000578b000 	/usr/lib/libOpenScriptingUtil.dylib
0x000000000578b000 	/usr/lib/libbz2.1.0.dylib
0x000000000578b000 	/System/Library/Frameworks/CoreServices.framework/Versions/A/Frameworks/CarbonCore.framework/Versions/A/CarbonCore
0x000000000578b000 	/System/Library/Frameworks/CoreServices.framework/Versions/A/Frameworks/Metadata.framework/Versions/A/Metadata
0x000000000578b000 	/System/Library/Frameworks/CoreServices.framework/Versions/A/Frameworks/OSServices.framework/Versions/A/OSServices
0x000000000578b000 	/System/Library/Frameworks/CoreServices.framework/Versions/A/Frameworks/SearchKit.framework/Versions/A/SearchKit
0x000000000578b000 	/System/Library/Frameworks/CoreServices.framework/Versions/A/Frameworks/AE.framework/Versions/A/AE
0x000000000578b000 	/System/Library/Frameworks/CoreServices.framework/Versions/A/Frameworks/LaunchServices.framework/Versions/A/LaunchServices
0x000000000578b000 	/System/Library/Frameworks/CoreServices.framework/Versions/A/Frameworks/DictionaryServices.framework/Versions/A/DictionaryServices
0x000000000578b000 	/System/Library/Frameworks/NetFS.framework/Versions/A/NetFS
0x000000000578b000 	/usr/lib/system/libkxld.dylib
0x000000000578b000 	/System/Library/PrivateFrameworks/NetAuth.framework/Versions/A/NetAuth
0x000000000578b000 	/System/Library/PrivateFrameworks/TCC.framework/Versions/A/TCC
0x000000000578b000 	/System/Library/Frameworks/OpenDirectory.framework/Versions/A/Frameworks/CFOpenDirectory.framework/Versions/A/CFOpenDirectory
0x000000000578b000 	/System/Library/Frameworks/ServiceManagement.framework/Versions/A/ServiceManagement
0x000000000578b000 	/usr/lib/libxslt.1.dylib
0x000000000578b000 	/System/Library/Frameworks/Carbon.framework/Versions/A/Frameworks/Ink.framework/Versions/A/Ink
0x000000000578b000 	/System/Library/Frameworks/ApplicationServices.framework/Versions/A/Frameworks/ATS.framework/Versions/A/ATS
0x000000000578b000 	/System/Library/Frameworks/ApplicationServices.framework/Versions/A/Frameworks/ColorSync.framework/Versions/A/ColorSync
0x000000000578b000 	/System/Library/Frameworks/ApplicationServices.framework/Versions/A/Frameworks/HIServices.framework/Versions/A/HIServices
0x000000000578b000 	/System/Library/Frameworks/ApplicationServices.framework/Versions/A/Frameworks/LangAnalysis.framework/Versions/A/LangAnalysis
0x000000000578b000 	/System/Library/Frameworks/ApplicationServices.framework/Versions/A/Frameworks/PrintCore.framework/Versions/A/PrintCore
0x000000000578b000 	/System/Library/Frameworks/ApplicationServices.framework/Versions/A/Frameworks/QD.framework/Versions/A/QD
0x000000000578b000 	/System/Library/Frameworks/ApplicationServices.framework/Versions/A/Frameworks/SpeechSynthesis.framework/Versions/A/SpeechSynthesis
0x000000000578b000 	/System/Library/Frameworks/IOSurface.framework/Versions/A/IOSurface
0x000000000578b000 	/System/Library/Frameworks/Accelerate.framework/Versions/A/Accelerate
0x000000000578b000 	/System/Library/Frameworks/Accelerate.framework/Versions/A/Frameworks/vImage.framework/Versions/A/vImage
0x000000000578b000 	/System/Library/Frameworks/Accelerate.framework/Versions/A/Frameworks/vecLib.framework/Versions/A/vecLib
0x000000000578b000 	/System/Library/Frameworks/Accelerate.framework/Versions/A/Frameworks/vecLib.framework/Versions/A/libvDSP.dylib
0x000000000578b000 	/System/Library/Frameworks/Accelerate.framework/Versions/A/Frameworks/vecLib.framework/Versions/A/libvMisc.dylib
0x000000000578b000 	/System/Library/Frameworks/Accelerate.framework/Versions/A/Frameworks/vecLib.framework/Versions/A/libLAPACK.dylib
0x000000000578b000 	/System/Library/Frameworks/Accelerate.framework/Versions/A/Frameworks/vecLib.framework/Versions/A/libBLAS.dylib
0x000000000578b000 	/System/Library/Frameworks/ApplicationServices.framework/Versions/A/Frameworks/ATS.framework/Versions/A/Resources/libFontParser.dylib
0x000000000578b000 	/System/Library/Frameworks/ApplicationServices.framework/Versions/A/Frameworks/ATS.framework/Versions/A/Resources/libFontRegistry.dylib
0x000000000578b000 	/System/Library/Frameworks/ImageIO.framework/Versions/A/Resources/libJPEG.dylib
0x000000000578b000 	/System/Library/Frameworks/ImageIO.framework/Versions/A/Resources/libTIFF.dylib
0x000000000578b000 	/System/Library/Frameworks/ImageIO.framework/Versions/A/Resources/libPng.dylib
0x000000000578b000 	/System/Library/Frameworks/ImageIO.framework/Versions/A/Resources/libGIF.dylib
0x000000000578b000 	/System/Library/Frameworks/ImageIO.framework/Versions/A/Resources/libJP2.dylib
0x000000000578b000 	/System/Library/Frameworks/ImageIO.framework/Versions/A/Resources/libRadiance.dylib
0x000000000578b000 	/usr/lib/libcups.2.dylib
0x000000000578b000 	/System/Library/Frameworks/Kerberos.framework/Versions/A/Kerberos
0x000000000578b000 	/System/Library/Frameworks/GSS.framework/Versions/A/GSS
0x000000000578b000 	/usr/lib/libresolv.9.dylib
0x000000000578b000 	/usr/lib/libiconv.2.dylib
0x000000000578b000 	/System/Library/PrivateFrameworks/Heimdal.framework/Versions/A/Heimdal
0x000000000578b000 	/System/Library/PrivateFrameworks/TrustEvaluationAgent.framework/Versions/A/TrustEvaluationAgent
0x000000000578b000 	/usr/lib/libheimdal-asn1.dylib
0x000000000578b000 	/System/Library/Frameworks/OpenDirectory.framework/Versions/A/OpenDirectory
0x000000000578b000 	/System/Library/PrivateFrameworks/CommonAuth.framework/Versions/A/CommonAuth
0x000000000578b000 	/System/Library/Frameworks/SecurityFoundation.framework/Versions/A/SecurityFoundation
0x000000000578b000 	/System/Library/PrivateFrameworks/Bom.framework/Versions/A/Bom
0x000000000578b000 	/System/Library/Frameworks/CoreVideo.framework/Versions/A/CoreVideo
0x000000000578b000 	/System/Library/Frameworks/QuartzCore.framework/Versions/A/Frameworks/CoreImage.framework/Versions/A/CoreImage
0x000000000578b000 	/System/Library/Frameworks/QuartzCore.framework/Versions/A/Frameworks/ScalableUserInterface.framework/Versions/A/ScalableUserInterface
0x000000000578b000 	/System/Library/Frameworks/OpenGL.framework/Versions/A/Libraries/libGLU.dylib
0x000000000578b000 	/System/Library/Frameworks/OpenGL.framework/Versions/A/Libraries/libGFXShared.dylib
0x000000000578b000 	/System/Library/Frameworks/OpenGL.framework/Versions/A/Libraries/libGL.dylib
0x000000000578b000 	/System/Library/Frameworks/OpenGL.framework/Versions/A/Libraries/libGLImage.dylib
0x000000000578b000 	/System/Library/Frameworks/OpenGL.framework/Versions/A/Libraries/libCVMSPluginSupport.dylib
0x000000000578b000 	/System/Library/Frameworks/OpenGL.framework/Versions/A/Libraries/libCoreVMClient.dylib
0x000000000578b000 	/System/Library/PrivateFrameworks/FaceCore.framework/Versions/A/FaceCore
0x000000000578b000 	/System/Library/PrivateFrameworks/CrashReporterSupport.framework/Versions/A/CrashReporterSupport
0x000000000578b000 	/System/Library/Frameworks/OpenCL.framework/Versions/A/OpenCL
0x000000000578b000 	/System/Library/PrivateFrameworks/AppleFSCompression.framework/Versions/A/AppleFSCompression
0x000000000578b000 	/System/Library/PrivateFrameworks/Ubiquity.framework/Versions/A/Ubiquity
0x000000000578b000 	/System/Library/PrivateFrameworks/IconServices.framework/Versions/A/IconServices
0x000000000578b000 	/System/Library/PrivateFrameworks/ChunkingLibrary.framework/Versions/A/ChunkingLibrary
0x000000000578b000 	/System/Library/PrivateFrameworks/CoreSymbolication.framework/Versions/A/CoreSymbolication
0x000000000578b000 	/System/Library/PrivateFrameworks/Symbolication.framework/Versions/A/Symbolication
0x000000000578b000 	/System/Library/PrivateFrameworks/DebugSymbols.framework/Versions/A/DebugSymbols
0x0000000104a00000 	/Library/Java/JavaVirtualMachines/jdk1.8.0_25.jdk/Contents/Home/jre/lib/server/libjvm.dylib
0x000000000578b000 	/usr/lib/libstdc++.6.dylib
0x0000000104158000 	/Library/Java/JavaVirtualMachines/jdk1.8.0_25.jdk/Contents/Home/jre/lib/libverify.dylib
0x0000000104166000 	/Library/Java/JavaVirtualMachines/jdk1.8.0_25.jdk/Contents/Home/jre/lib/libjava.dylib
0x000000010419b000 	/Library/Java/JavaVirtualMachines/jdk1.8.0_25.jdk/Contents/Home/jre/lib/libjdwp.dylib
0x00000001041e6000 	/Library/Java/JavaVirtualMachines/jdk1.8.0_25.jdk/Contents/Home/jre/lib/libnpt.dylib
0x00000001041f3000 	/Library/Java/JavaVirtualMachines/jdk1.8.0_25.jdk/Contents/Home/jre/lib/libzip.dylib
0x000000011952a000 	/System/Library/Frameworks/JavaVM.framework/Frameworks/JavaRuntimeSupport.framework/JavaRuntimeSupport
0x0000000119542000 	/System/Library/Frameworks/JavaVM.framework/Versions/A/Frameworks/JavaNativeFoundation.framework/Versions/A/JavaNativeFoundation
0x0000000119557000 	/System/Library/Frameworks/JavaVM.framework/Versions/A/JavaVM
0x000000000578b000 	/System/Library/Frameworks/Carbon.framework/Versions/A/Carbon
0x0000000119564000 	/System/Library/PrivateFrameworks/JavaLaunching.framework/Versions/A/JavaLaunching
0x000000000578b000 	/System/Library/Frameworks/Carbon.framework/Versions/A/Frameworks/CommonPanels.framework/Versions/A/CommonPanels
0x000000000578b000 	/System/Library/Frameworks/Carbon.framework/Versions/A/Frameworks/Help.framework/Versions/A/Help
0x000000000578b000 	/System/Library/Frameworks/Carbon.framework/Versions/A/Frameworks/ImageCapture.framework/Versions/A/ImageCapture
0x000000000578b000 	/System/Library/Frameworks/Carbon.framework/Versions/A/Frameworks/OpenScripting.framework/Versions/A/OpenScripting
0x000000000578b000 	/System/Library/Frameworks/Carbon.framework/Versions/A/Frameworks/Print.framework/Versions/A/Print
0x000000000578b000 	/System/Library/Frameworks/Carbon.framework/Versions/A/Frameworks/SecurityHI.framework/Versions/A/SecurityHI
0x0000000119779000 	/Library/Java/JavaVirtualMachines/jdk1.8.0_25.jdk/Contents/Home/jre/lib/libdt_socket.dylib

VM Arguments:
jvm_args: -agentlib:jdwp=transport=dt_socket,suspend=y,address=localhost:53233 -Dfile.encoding=UTF-8 
java_command: PravoDugZadatak
java_class_path (initial): /Users/gorjankalauzovic/Documents/workspace/27112014/bin
Launcher Type: SUN_STANDARD

Environment Variables:
PATH=/usr/bin:/bin:/usr/sbin:/sbin
SHELL=/bin/bash

Signal Handlers:
SIGSEGV: [libjvm.dylib+0x579dc7], sa_mask[0]=11111111011111110111111111111111, sa_flags=SA_ONSTACK|SA_RESTART|SA_SIGINFO
SIGBUS: [libjvm.dylib+0x579dc7], sa_mask[0]=11111111011111110111111111111111, sa_flags=SA_RESTART|SA_SIGINFO
SIGFPE: [libjvm.dylib+0x45b030], sa_mask[0]=11111111011111110111111111111111, sa_flags=SA_RESTART|SA_SIGINFO
SIGPIPE: [libjvm.dylib+0x45b030], sa_mask[0]=11111111011111110111111111111111, sa_flags=SA_RESTART|SA_SIGINFO
SIGXFSZ: [libjvm.dylib+0x45b030], sa_mask[0]=11111111011111110111111111111111, sa_flags=SA_RESTART|SA_SIGINFO
SIGILL: [libjvm.dylib+0x45b030], sa_mask[0]=11111111011111110111111111111111, sa_flags=SA_RESTART|SA_SIGINFO
SIGUSR1: SIG_DFL, sa_mask[0]=00000000000000000000000000000000, sa_flags=SA_RESTART
SIGUSR2: [libjvm.dylib+0x45ab4e], sa_mask[0]=00100000000000000000000000000000, sa_flags=SA_RESTART|SA_SIGINFO
SIGHUP: [libjvm.dylib+0x459121], sa_mask[0]=11111111011111110111111111111111, sa_flags=SA_RESTART|SA_SIGINFO
SIGINT: [libjvm.dylib+0x459121], sa_mask[0]=11111111011111110111111111111111, sa_flags=SA_RESTART|SA_SIGINFO
SIGTERM: [libjvm.dylib+0x459121], sa_mask[0]=11111111011111110111111111111111, sa_flags=SA_RESTART|SA_SIGINFO
SIGQUIT: [libjvm.dylib+0x459121], sa_mask[0]=11111111011111110111111111111111, sa_flags=SA_RESTART|SA_SIGINFO


---------------  S Y S T E M  ---------------

OS:Bsduname:Darwin 13.3.0 Darwin Kernel Version 13.3.0: Tue Jun  3 21:27:35 PDT 2014; root:xnu-2422.110.17~1/RELEASE_X86_64 x86_64
rlimit: STACK 8192k, CORE 0k, NPROC 709, NOFILE 10240, AS infinity
load average:1.55 1.33 1.30

CPU:total 4 (2 cores per cpu, 2 threads per core) family 6 model 58 stepping 9, cmov, cx8, fxsr, mmx, sse, sse2, sse3, ssse3, sse4.1, sse4.2, popcnt, avx, aes, clmul, erms, ht, tsc, tscinvbit, tscinv

Memory: 4k page, physical 4194304k(548336k free)

/proc/meminfo:


vm_info: Java HotSpot(TM) 64-Bit Server VM (25.25-b02) for bsd-amd64 JRE (1.8.0_25-b17), built on Sep 17 2014 16:56:50 by "java_re" with gcc 4.2.1 (Based on Apple Inc. build 5658) (LLVM build 2336.11.00)

time: Fri Nov 28 17:29:57 2014
elapsed time: 6724 seconds (0d 1h 52m 4s)

