#
# A fatal error has been detected by the Java Runtime Environment:
#
#  SIGSEGV (0xb) at pc=0x000000010b9742b0, pid=3909, tid=18179
#
# JRE version: Java(TM) SE Runtime Environment (8.0_25-b17) (build 1.8.0_25-b17)
# Java VM: Java HotSpot(TM) 64-Bit Server VM (25.25-b02 mixed mode bsd-amd64 compressed oops)
# Problematic frame:
# V  [libjvm.dylib+0x4232b0]  Method::checked_resolve_jmethod_id(_jmethodID*)+0xe
#
# Failed to write core dump. Core dumps have been disabled. To enable core dumping, try "ulimit -c unlimited" before starting Java again
#
# If you would like to submit a bug report, please visit:
#   http://bugreport.sun.com/bugreport/crash.jsp
#

---------------  T H R E A D  ---------------

Current thread (0x00007f8aca039800):  JavaThread "JDWP Transport Listener: dt_socket" daemon [_thread_in_vm, id=18179, stack(0x0000000120b8f000,0x0000000120c8f000)]

siginfo: si_signo: 11 (SIGSEGV), si_code: 0 (unknown), si_addr: 0x0000000000000000

Registers:
RAX=0x0000000000000001, RBX=0x0000000120c8ea8b, RCX=0x000000010bd27c80, RDX=0x0000000120c8ea8b
RSP=0x0000000120c8e9d0, RBP=0x0000000120c8e9e0, RSI=0x00007f8aca039800, RDI=0x3b003b003b746e65
R8 =0x00007f8ac9c17470, R9 =0x00007f8ac9c0e070, R10=0x000000006d4a1424, R11=0x000000009e35b6cf
R12=0x00007f8aca039800, R13=0x3b003b003b746e65, R14=0x3b003b003b746e65, R15=0x00007f8ac9e01470
RIP=0x000000010b9742b0, EFLAGS=0x0000000000010206, ERR=0x0000000000000000
  TRAPNO=0x000000000000000d

Top of Stack: (sp=0x0000000120c8e9d0)
0x0000000120c8e9d0:   0000000120c8ea8b 0000000120c8ea8b
0x0000000120c8e9e0:   0000000120c8ea40 000000010b88626e
0x0000000120c8e9f0:   00007f8aca039800 0000000000000000
0x0000000120c8ea00:   0000000000000000 0000000000000000
0x0000000120c8ea10:   00007f8aca039800 00007f8aca039800
0x0000000120c8ea20:   0000000120c8ea8b 0000000120c8ea90
0x0000000120c8ea30:   3b003b003b746e65 0000000000000008
0x0000000120c8ea40:   0000000120c8ea60 000000010ce207dc
0x0000000120c8ea50:   0000000000000001 0000000120c8eb08
0x0000000120c8ea60:   0000000120c8ead0 000000010ce05263
0x0000000120c8ea70:   0000000120c8eaa0 00007f8ac9c17420
0x0000000120c8ea80:   0000000900000032 0000000900c8eb08
0x0000000120c8ea90:   0000000000000000 0000000000000000
0x0000000120c8eaa0:   0000000000000000 0000000120c8ec90
0x0000000120c8eab0:   000000010ce27eca 00007f8ac9c1dc10
0x0000000120c8eac0:   0000000120c8eb08 000000010ce33588
0x0000000120c8ead0:   0000000120c8eae0 000000010ce0535c
0x0000000120c8eae0:   0000000120c8ed00 000000010ce0e8f6
0x0000000120c8eaf0:   0000055100000013 00000000000f0200
0x0000000120c8eb00:   00007f8ac9c1dbe0 00007f8ac9c1e7fd
0x0000000120c8eb10:   00007f8a0000023b 00007f8ac9c1ba50
0x0000000120c8eb20:   00007f8a0000012c 0000000120c8eb58
0x0000000120c8eb30:   00007f8ac9c1ba50 00007f0000000000
0x0000000120c8eb40:   0000055100000020 00007fff00000e80
0x0000000120c8eb50:   0000000120c8eb58 8a7f000009000000
0x0000000120c8eb60:   0a000000d8cbd1c9 6f6c6f4b616d7573
0x0000000120c8eb70:   5b2806000000656e 000000004929495b
0x0000000120c8eb80:   8a7f000009000000 08000000b8cbd1c9
0x0000000120c8eb90:   61646552616d7573 29495b2805000000
0x0000000120c8eba0:   0000000000000049 cbd1c98a7f000009
0x0000000120c8ebb0:   69727005000000b0 5b2806000000746e
0x0000000120c8ebc0:   000000005629495b 8a7f000009000000 

Instructions: (pc=0x000000010b9742b0)
0x000000010b974290:   40 48 48 85 c0 75 e0 30 c0 0f b6 c0 5d c3 31 c0
0x000000010b9742a0:   5d c3 55 48 89 e5 53 48 83 ec 08 48 85 ff 74 24
0x000000010b9742b0:   48 8b 1f 48 85 db 74 1c 48 83 fb 37 74 16 48 8b
0x000000010b9742c0:   03 48 89 df ff 50 10 84 c0 b8 00 00 00 00 48 0f 

Register to memory mapping:

RAX=0x0000000000000001 is an unknown value
RBX=0x0000000120c8ea8b is pointing into the stack for thread: 0x00007f8aca039800
RCX=0x000000010bd27c80: UseMembar+0 in /Library/Java/JavaVirtualMachines/jdk1.8.0_25.jdk/Contents/Home/jre/lib/server/libjvm.dylib at 0x000000010b551000
RDX=0x0000000120c8ea8b is pointing into the stack for thread: 0x00007f8aca039800
RSP=0x0000000120c8e9d0 is pointing into the stack for thread: 0x00007f8aca039800
RBP=0x0000000120c8e9e0 is pointing into the stack for thread: 0x00007f8aca039800
RSI=0x00007f8aca039800 is a thread
RDI=0x3b003b003b746e65 is an unknown value
R8 =0x00007f8ac9c17470 is an unknown value
R9 =0x00007f8ac9c0e070 is an unknown value
R10=0x000000006d4a1424 is an unknown value
R11=0x000000009e35b6cf is an unknown value
R12=0x00007f8aca039800 is a thread
R13=0x3b003b003b746e65 is an unknown value
R14=0x3b003b003b746e65 is an unknown value
R15=0x00007f8ac9e01470 is an unknown value


Stack: [0x0000000120b8f000,0x0000000120c8f000],  sp=0x0000000120c8e9d0,  free space=1022k
Native frames: (J=compiled Java code, j=interpreted, Vv=VM code, C=native code)
V  [libjvm.dylib+0x4232b0]  Method::checked_resolve_jmethod_id(_jmethodID*)+0xe
V  [libjvm.dylib+0x33526e]  jvmti_IsMethodSynthetic+0xb2
C  [libjdwp.dylib+0x207dc]  isMethodSynthetic+0x63
C  [libjdwp.dylib+0x5263]  methods1+0x10b
C  [libjdwp.dylib+0x535c]  methodsWithGeneric+0xe
C  [libjdwp.dylib+0xe8f6]  debugLoop_run+0x1ce
C  [libjdwp.dylib+0x1f716]  attachThread+0x4d
V  [libjvm.dylib+0x3762ce]  JvmtiAgentThread::call_start_function()+0x38
V  [libjvm.dylib+0x535ed9]  JavaThread::thread_main_inner()+0x9b
V  [libjvm.dylib+0x53761c]  JavaThread::run()+0x1c2
V  [libjvm.dylib+0x45d87e]  java_start(Thread*)+0xf6
C  [libsystem_pthread.dylib+0x1899]  _pthread_body+0x8a
C  [libsystem_pthread.dylib+0x172a]  _pthread_struct_init+0x0
C  [libsystem_pthread.dylib+0x5fc9]  thread_start+0xd
C  0x0000000000000000


---------------  P R O C E S S  ---------------

Java Threads: ( => current thread )
  0x00007f8aca81a800 JavaThread "Service Thread" daemon [_thread_blocked, id=21251, stack(0x00000001211a1000,0x00000001212a1000)]
  0x00007f8aca059000 JavaThread "C1 CompilerThread2" daemon [_thread_blocked, id=20739, stack(0x000000012109e000,0x000000012119e000)]
  0x00007f8aca036800 JavaThread "C2 CompilerThread1" daemon [_thread_blocked, id=20227, stack(0x0000000120f9b000,0x000000012109b000)]
  0x00007f8aca058000 JavaThread "C2 CompilerThread0" daemon [_thread_blocked, id=19715, stack(0x0000000120e98000,0x0000000120f98000)]
  0x00007f8acb804000 JavaThread "JDWP Command Reader" daemon [_thread_in_native, id=19203, stack(0x0000000120d95000,0x0000000120e95000)]
  0x00007f8acb803800 JavaThread "JDWP Event Helper Thread" daemon [_thread_blocked, id=18691, stack(0x0000000120c92000,0x0000000120d92000)]
=>0x00007f8aca039800 JavaThread "JDWP Transport Listener: dt_socket" daemon [_thread_in_vm, id=18179, stack(0x0000000120b8f000,0x0000000120c8f000)]
  0x00007f8acb800800 JavaThread "Signal Dispatcher" daemon [_thread_blocked, id=17667, stack(0x0000000120a85000,0x0000000120b85000)]
  0x00007f8aca819800 JavaThread "Finalizer" daemon [_thread_blocked, id=12547, stack(0x0000000120840000,0x0000000120940000)]
  0x00007f8acb019000 JavaThread "Reference Handler" daemon [_thread_blocked, id=12035, stack(0x000000012073d000,0x000000012083d000)]
  0x00007f8acb001000 JavaThread "main" [_thread_blocked, id=4867, stack(0x000000010c46e000,0x000000010c56e000)]

Other Threads:
  0x00007f8aca819000 VMThread [stack: 0x000000012063a000,0x000000012073a000] [id=11523]
  0x00007f8aca81c000 WatcherThread [stack: 0x00000001212a4000,0x00000001213a4000] [id=21763]

VM state:not at safepoint (normal execution)

VM Mutex/Monitor currently owned by a thread: None

Heap:
 PSYoungGen      total 18944K, used 2316K [0x00000007aab00000, 0x00000007ac000000, 0x00000007c0000000)
  eden space 16384K, 14% used [0x00000007aab00000,0x00000007aad432f0,0x00000007abb00000)
  from space 2560K, 0% used [0x00000007abd80000,0x00000007abd80000,0x00000007ac000000)
  to   space 2560K, 0% used [0x00000007abb00000,0x00000007abb00000,0x00000007abd80000)
 ParOldGen       total 44032K, used 0K [0x0000000780000000, 0x0000000782b00000, 0x00000007aab00000)
  object space 44032K, 0% used [0x0000000780000000,0x0000000780000000,0x0000000782b00000)
 Metaspace       used 2950K, capacity 4554K, committed 4864K, reserved 1056768K
  class space    used 316K, capacity 386K, committed 512K, reserved 1048576K

Card table byte_map: [0x000000011c20b000,0x000000011c40c000] byte_map_base: 0x000000011860b000

Marking Bits: (ParMarkBitMap*) 0x000000010bdee390
 Begin Bits: [0x000000011c96e000, 0x000000011d96e000)
 End Bits:   [0x000000011d96e000, 0x000000011e96e000)

Polling page: 0x000000010c5c8000

CodeCache: size=245760Kb used=1163Kb max_used=1163Kb free=244596Kb
 bounds [0x000000010ce4b000, 0x000000010d0bb000, 0x000000011be4b000]
 total_blobs=274 nmethods=48 adapters=149
 compilation: enabled

Compilation events (10 events):
Event: 0.164 Thread 0x00007f8aca059000   44       1       java.net.URL::getProtocol (5 bytes)
Event: 0.164 Thread 0x00007f8aca059000 nmethod 44 0x000000010cf6bcd0 code [0x000000010cf6be20, 0x000000010cf6bf30]
Event: 0.164 Thread 0x00007f8aca059000   45       3       java.util.Arrays::copyOf (19 bytes)
Event: 0.165 Thread 0x00007f8aca059000 nmethod 45 0x000000010cf6b6d0 code [0x000000010cf6b860, 0x000000010cf6bb88]
Event: 0.165 Thread 0x00007f8aca059000   47       1       java.lang.StringCoding$StringEncoder::requestedCharsetName (5 bytes)
Event: 0.165 Thread 0x00007f8aca059000 nmethod 47 0x000000010cf6b410 code [0x000000010cf6b560, 0x000000010cf6b670]
Event: 0.165 Thread 0x00007f8aca059000   46       1       java.io.File::getPath (5 bytes)
Event: 0.165 Thread 0x00007f8aca059000 nmethod 46 0x000000010cf6b150 code [0x000000010cf6b2a0, 0x000000010cf6b3b0]
Event: 0.169 Thread 0x00007f8aca059000   48       3       java.lang.AbstractStringBuilder::expandCapacity (50 bytes)
Event: 0.169 Thread 0x00007f8aca059000 nmethod 48 0x000000010cf6dc10 code [0x000000010cf6ddc0, 0x000000010cf6e318]

GC Heap History (0 events):
No events

Deoptimization events (0 events):
No events

Internal exceptions (10 events):
Event: 0.162 Thread 0x00007f8acb001000 Exception <a 'java/security/PrivilegedActionException'> (0x00000007aacca100) thrown at [/HUDSON3/workspace/8-2-build-macosx-x86_64/jdk8u25/1514/hotspot/src/share/vm/prims/jvm.cpp, line 1312]
Event: 0.162 Thread 0x00007f8acb001000 Exception <a 'java/security/PrivilegedActionException'> (0x00000007aacca2b8) thrown at [/HUDSON3/workspace/8-2-build-macosx-x86_64/jdk8u25/1514/hotspot/src/share/vm/prims/jvm.cpp, line 1312]
Event: 0.163 Thread 0x00007f8acb001000 Exception <a 'java/util/zip/ZipException'> (0x00000007aaccb000) thrown at [/HUDSON3/workspace/8-2-build-macosx-x86_64/jdk8u25/1514/hotspot/src/share/vm/prims/jni.cpp, line 716]
Event: 0.163 Thread 0x00007f8acb001000 Exception <a 'java/security/PrivilegedActionException'> (0x00000007aaccb1b0) thrown at [/HUDSON3/workspace/8-2-build-macosx-x86_64/jdk8u25/1514/hotspot/src/share/vm/prims/jvm.cpp, line 1312]
Event: 0.163 Thread 0x00007f8acb001000 Exception <a 'java/security/PrivilegedActionException'> (0x00000007aaccb368) thrown at [/HUDSON3/workspace/8-2-build-macosx-x86_64/jdk8u25/1514/hotspot/src/share/vm/prims/jvm.cpp, line 1312]
Event: 0.166 Thread 0x00007f8acb001000 Exception <a 'java/util/zip/ZipException'> (0x00000007aacde098) thrown at [/HUDSON3/workspace/8-2-build-macosx-x86_64/jdk8u25/1514/hotspot/src/share/vm/prims/jni.cpp, line 716]
Event: 0.166 Thread 0x00007f8acb001000 Exception <a 'java/security/PrivilegedActionException'> (0x00000007aacde248) thrown at [/HUDSON3/workspace/8-2-build-macosx-x86_64/jdk8u25/1514/hotspot/src/share/vm/prims/jvm.cpp, line 1312]
Event: 0.166 Thread 0x00007f8acb001000 Exception <a 'java/security/PrivilegedActionException'> (0x00000007aacde400) thrown at [/HUDSON3/workspace/8-2-build-macosx-x86_64/jdk8u25/1514/hotspot/src/share/vm/prims/jvm.cpp, line 1312]
Event: 0.166 Thread 0x00007f8acb001000 Exception <a 'java/security/PrivilegedActionException'> (0x00000007aacde770) thrown at [/HUDSON3/workspace/8-2-build-macosx-x86_64/jdk8u25/1514/hotspot/src/share/vm/prims/jvm.cpp, line 1312]
Event: 0.198 Thread 0x00007f8acb001000 Exception <a 'java/security/PrivilegedActionException'> (0x00000007aace53b8) thrown at [/HUDSON3/workspace/8-2-build-macosx-x86_64/jdk8u25/1514/hotspot/src/share/vm/prims/jvm.cpp, line 1312]

Events (10 events):
Event: 1218.143 Executing VM operation: GetOrSetLocal
Event: 1218.143 Executing VM operation: GetOrSetLocal done
Event: 11634.049 Executing VM operation: GetCurrentLocation
Event: 11634.050 Executing VM operation: GetCurrentLocation done
Event: 11634.050 Executing VM operation: ChangeSingleStep
Event: 11634.050 Executing VM operation: ChangeSingleStep done
Event: 11634.050 Executing VM operation: ChangeSingleStep
Event: 11634.050 Executing VM operation: ChangeSingleStep done
Event: 11634.055 Executing VM operation: RedefineClasses
Event: 11634.057 Executing VM operation: RedefineClasses done


Dynamic libraries:
0x000000000578b000 	/System/Library/Frameworks/Cocoa.framework/Versions/A/Cocoa
0x000000000578b000 	/System/Library/Frameworks/Security.framework/Versions/A/Security
0x000000000578b000 	/System/Library/Frameworks/ApplicationServices.framework/Versions/A/ApplicationServices
0x000000000578b000 	/usr/lib/libz.1.dylib
0x000000000578b000 	/usr/lib/libSystem.B.dylib
0x000000000578b000 	/usr/lib/libobjc.A.dylib
0x000000000578b000 	/System/Library/Frameworks/CoreFoundation.framework/Versions/A/CoreFoundation
0x000000000578b000 	/System/Library/Frameworks/Foundation.framework/Versions/C/Foundation
0x000000000578b000 	/System/Library/Frameworks/AppKit.framework/Versions/C/AppKit
0x000000000578b000 	/System/Library/Frameworks/CoreData.framework/Versions/A/CoreData
0x000000000578b000 	/System/Library/PrivateFrameworks/RemoteViewServices.framework/Versions/A/RemoteViewServices
0x000000000578b000 	/System/Library/Frameworks/AudioToolbox.framework/Versions/A/AudioToolbox
0x000000000578b000 	/System/Library/Frameworks/AudioUnit.framework/Versions/A/AudioUnit
0x000000000578b000 	/System/Library/PrivateFrameworks/DataDetectorsCore.framework/Versions/A/DataDetectorsCore
0x000000000578b000 	/System/Library/PrivateFrameworks/DesktopServicesPriv.framework/Versions/A/DesktopServicesPriv
0x000000000578b000 	/System/Library/Frameworks/Carbon.framework/Versions/A/Frameworks/HIToolbox.framework/Versions/A/HIToolbox
0x000000000578b000 	/System/Library/Frameworks/QuartzCore.framework/Versions/A/QuartzCore
0x000000000578b000 	/System/Library/Frameworks/Carbon.framework/Versions/A/Frameworks/SpeechRecognition.framework/Versions/A/SpeechRecognition
0x000000000578b000 	/usr/lib/libauto.dylib
0x000000000578b000 	/usr/lib/libicucore.A.dylib
0x000000000578b000 	/usr/lib/libxml2.2.dylib
0x000000000578b000 	/System/Library/PrivateFrameworks/CoreUI.framework/Versions/A/CoreUI
0x000000000578b000 	/System/Library/Frameworks/CoreAudio.framework/Versions/A/CoreAudio
0x000000000578b000 	/System/Library/Frameworks/DiskArbitration.framework/Versions/A/DiskArbitration
0x000000000578b000 	/usr/lib/liblangid.dylib
0x000000000578b000 	/System/Library/PrivateFrameworks/MultitouchSupport.framework/Versions/A/MultitouchSupport
0x000000000578b000 	/System/Library/Frameworks/IOKit.framework/Versions/A/IOKit
0x000000000578b000 	/usr/lib/libDiagnosticMessagesClient.dylib
0x000000000578b000 	/System/Library/Frameworks/CoreServices.framework/Versions/A/CoreServices
0x000000000578b000 	/System/Library/PrivateFrameworks/PerformanceAnalysis.framework/Versions/A/PerformanceAnalysis
0x000000000578b000 	/System/Library/PrivateFrameworks/GenerationalStorage.framework/Versions/A/GenerationalStorage
0x000000000578b000 	/System/Library/Frameworks/OpenGL.framework/Versions/A/OpenGL
0x000000000578b000 	/System/Library/PrivateFrameworks/Sharing.framework/Versions/A/Sharing
0x000000000578b000 	/System/Library/Frameworks/ImageIO.framework/Versions/A/ImageIO
0x000000000578b000 	/System/Library/Frameworks/CoreText.framework/Versions/A/CoreText
0x000000000578b000 	/System/Library/Frameworks/CoreGraphics.framework/Versions/A/CoreGraphics
0x000000000578b000 	/System/Library/PrivateFrameworks/Backup.framework/Versions/A/Backup
0x000000000578b000 	/System/Library/Frameworks/CFNetwork.framework/Versions/A/CFNetwork
0x000000000578b000 	/System/Library/Frameworks/SystemConfiguration.framework/Versions/A/SystemConfiguration
0x000000000578b000 	/usr/lib/libCRFSuite.dylib
0x000000000578b000 	/usr/lib/libc++.1.dylib
0x000000000578b000 	/usr/lib/libc++abi.dylib
0x000000000578b000 	/usr/lib/system/libcache.dylib
0x000000000578b000 	/usr/lib/system/libcommonCrypto.dylib
0x000000000578b000 	/usr/lib/system/libcompiler_rt.dylib
0x000000000578b000 	/usr/lib/system/libcopyfile.dylib
0x000000000578b000 	/usr/lib/system/libcorecrypto.dylib
0x000000000578b000 	/usr/lib/system/libdispatch.dylib
0x000000000578b000 	/usr/lib/system/libdyld.dylib
0x000000000578b000 	/usr/lib/system/libkeymgr.dylib
0x000000000578b000 	/usr/lib/system/liblaunch.dylib
0x000000000578b000 	/usr/lib/system/libmacho.dylib
0x000000000578b000 	/usr/lib/system/libquarantine.dylib
0x000000000578b000 	/usr/lib/system/libremovefile.dylib
0x000000000578b000 	/usr/lib/system/libsystem_asl.dylib
0x000000000578b000 	/usr/lib/system/libsystem_blocks.dylib
0x000000000578b000 	/usr/lib/system/libsystem_c.dylib
0x000000000578b000 	/usr/lib/system/libsystem_configuration.dylib
0x000000000578b000 	/usr/lib/system/libsystem_dnssd.dylib
0x000000000578b000 	/usr/lib/system/libsystem_info.dylib
0x000000000578b000 	/usr/lib/system/libsystem_kernel.dylib
0x000000000578b000 	/usr/lib/system/libsystem_m.dylib
0x000000000578b000 	/usr/lib/system/libsystem_malloc.dylib
0x000000000578b000 	/usr/lib/system/libsystem_network.dylib
0x000000000578b000 	/usr/lib/system/libsystem_notify.dylib
0x000000000578b000 	/usr/lib/system/libsystem_platform.dylib
0x000000000578b000 	/usr/lib/system/libsystem_pthread.dylib
0x000000000578b000 	/usr/lib/system/libsystem_sandbox.dylib
0x000000000578b000 	/usr/lib/system/libsystem_stats.dylib
0x000000000578b000 	/usr/lib/system/libunc.dylib
0x000000000578b000 	/usr/lib/system/libunwind.dylib
0x000000000578b000 	/usr/lib/system/libxpc.dylib
0x000000000578b000 	/usr/lib/libbsm.0.dylib
0x000000000578b000 	/usr/lib/libsqlite3.dylib
0x000000000578b000 	/usr/lib/libxar.1.dylib
0x000000000578b000 	/usr/lib/libpam.2.dylib
0x000000000578b000 	/usr/lib/libOpenScriptingUtil.dylib
0x000000000578b000 	/usr/lib/libbz2.1.0.dylib
0x000000000578b000 	/System/Library/Frameworks/CoreServices.framework/Versions/A/Frameworks/CarbonCore.framework/Versions/A/CarbonCore
0x000000000578b000 	/System/Library/Frameworks/CoreServices.framework/Versions/A/Frameworks/Metadata.framework/Versions/A/Metadata
0x000000000578b000 	/System/Library/Frameworks/CoreServices.framework/Versions/A/Frameworks/OSServices.framework/Versions/A/OSServices
0x000000000578b000 	/System/Library/Frameworks/CoreServices.framework/Versions/A/Frameworks/SearchKit.framework/Versions/A/SearchKit
0x000000000578b000 	/System/Library/Frameworks/CoreServices.framework/Versions/A/Frameworks/AE.framework/Versions/A/AE
0x000000000578b000 	/System/Library/Frameworks/CoreServices.framework/Versions/A/Frameworks/LaunchServices.framework/Versions/A/LaunchServices
0x000000000578b000 	/System/Library/Frameworks/CoreServices.framework/Versions/A/Frameworks/DictionaryServices.framework/Versions/A/DictionaryServices
0x000000000578b000 	/System/Library/Frameworks/NetFS.framework/Versions/A/NetFS
0x000000000578b000 	/usr/lib/system/libkxld.dylib
0x000000000578b000 	/System/Library/PrivateFrameworks/NetAuth.framework/Versions/A/NetAuth
0x000000000578b000 	/System/Library/PrivateFrameworks/TCC.framework/Versions/A/TCC
0x000000000578b000 	/System/Library/Frameworks/OpenDirectory.framework/Versions/A/Frameworks/CFOpenDirectory.framework/Versions/A/CFOpenDirectory
0x000000000578b000 	/System/Library/Frameworks/ServiceManagement.framework/Versions/A/ServiceManagement
0x000000000578b000 	/usr/lib/libxslt.1.dylib
0x000000000578b000 	/System/Library/Frameworks/Carbon.framework/Versions/A/Frameworks/Ink.framework/Versions/A/Ink
0x000000000578b000 	/System/Library/Frameworks/ApplicationServices.framework/Versions/A/Frameworks/ATS.framework/Versions/A/ATS
0x000000000578b000 	/System/Library/Frameworks/ApplicationServices.framework/Versions/A/Frameworks/ColorSync.framework/Versions/A/ColorSync
0x000000000578b000 	/System/Library/Frameworks/ApplicationServices.framework/Versions/A/Frameworks/HIServices.framework/Versions/A/HIServices
0x000000000578b000 	/System/Library/Frameworks/ApplicationServices.framework/Versions/A/Frameworks/LangAnalysis.framework/Versions/A/LangAnalysis
0x000000000578b000 	/System/Library/Frameworks/ApplicationServices.framework/Versions/A/Frameworks/PrintCore.framework/Versions/A/PrintCore
0x000000000578b000 	/System/Library/Frameworks/ApplicationServices.framework/Versions/A/Frameworks/QD.framework/Versions/A/QD
0x000000000578b000 	/System/Library/Frameworks/ApplicationServices.framework/Versions/A/Frameworks/SpeechSynthesis.framework/Versions/A/SpeechSynthesis
0x000000000578b000 	/System/Library/Frameworks/IOSurface.framework/Versions/A/IOSurface
0x000000000578b000 	/System/Library/Frameworks/Accelerate.framework/Versions/A/Accelerate
0x000000000578b000 	/System/Library/Frameworks/Accelerate.framework/Versions/A/Frameworks/vImage.framework/Versions/A/vImage
0x000000000578b000 	/System/Library/Frameworks/Accelerate.framework/Versions/A/Frameworks/vecLib.framework/Versions/A/vecLib
0x000000000578b000 	/System/Library/Frameworks/Accelerate.framework/Versions/A/Frameworks/vecLib.framework/Versions/A/libvDSP.dylib
0x000000000578b000 	/System/Library/Frameworks/Accelerate.framework/Versions/A/Frameworks/vecLib.framework/Versions/A/libvMisc.dylib
0x000000000578b000 	/System/Library/Frameworks/Accelerate.framework/Versions/A/Frameworks/vecLib.framework/Versions/A/libLAPACK.dylib
0x000000000578b000 	/System/Library/Frameworks/Accelerate.framework/Versions/A/Frameworks/vecLib.framework/Versions/A/libBLAS.dylib
0x000000000578b000 	/System/Library/Frameworks/ApplicationServices.framework/Versions/A/Frameworks/ATS.framework/Versions/A/Resources/libFontParser.dylib
0x000000000578b000 	/System/Library/Frameworks/ApplicationServices.framework/Versions/A/Frameworks/ATS.framework/Versions/A/Resources/libFontRegistry.dylib
0x000000000578b000 	/System/Library/Frameworks/ImageIO.framework/Versions/A/Resources/libJPEG.dylib
0x000000000578b000 	/System/Library/Frameworks/ImageIO.framework/Versions/A/Resources/libTIFF.dylib
0x000000000578b000 	/System/Library/Frameworks/ImageIO.framework/Versions/A/Resources/libPng.dylib
0x000000000578b000 	/System/Library/Frameworks/ImageIO.framework/Versions/A/Resources/libGIF.dylib
0x000000000578b000 	/System/Library/Frameworks/ImageIO.framework/Versions/A/Resources/libJP2.dylib
0x000000000578b000 	/System/Library/Frameworks/ImageIO.framework/Versions/A/Resources/libRadiance.dylib
0x000000000578b000 	/usr/lib/libcups.2.dylib
0x000000000578b000 	/System/Library/Frameworks/Kerberos.framework/Versions/A/Kerberos
0x000000000578b000 	/System/Library/Frameworks/GSS.framework/Versions/A/GSS
0x000000000578b000 	/usr/lib/libresolv.9.dylib
0x000000000578b000 	/usr/lib/libiconv.2.dylib
0x000000000578b000 	/System/Library/PrivateFrameworks/Heimdal.framework/Versions/A/Heimdal
0x000000000578b000 	/System/Library/PrivateFrameworks/TrustEvaluationAgent.framework/Versions/A/TrustEvaluationAgent
0x000000000578b000 	/usr/lib/libheimdal-asn1.dylib
0x000000000578b000 	/System/Library/Frameworks/OpenDirectory.framework/Versions/A/OpenDirectory
0x000000000578b000 	/System/Library/PrivateFrameworks/CommonAuth.framework/Versions/A/CommonAuth
0x000000000578b000 	/System/Library/Frameworks/SecurityFoundation.framework/Versions/A/SecurityFoundation
0x000000000578b000 	/System/Library/PrivateFrameworks/Bom.framework/Versions/A/Bom
0x000000000578b000 	/System/Library/Frameworks/CoreVideo.framework/Versions/A/CoreVideo
0x000000000578b000 	/System/Library/Frameworks/QuartzCore.framework/Versions/A/Frameworks/CoreImage.framework/Versions/A/CoreImage
0x000000000578b000 	/System/Library/Frameworks/QuartzCore.framework/Versions/A/Frameworks/ScalableUserInterface.framework/Versions/A/ScalableUserInterface
0x000000000578b000 	/System/Library/Frameworks/OpenGL.framework/Versions/A/Libraries/libGLU.dylib
0x000000000578b000 	/System/Library/Frameworks/OpenGL.framework/Versions/A/Libraries/libGFXShared.dylib
0x000000000578b000 	/System/Library/Frameworks/OpenGL.framework/Versions/A/Libraries/libGL.dylib
0x000000000578b000 	/System/Library/Frameworks/OpenGL.framework/Versions/A/Libraries/libGLImage.dylib
0x000000000578b000 	/System/Library/Frameworks/OpenGL.framework/Versions/A/Libraries/libCVMSPluginSupport.dylib
0x000000000578b000 	/System/Library/Frameworks/OpenGL.framework/Versions/A/Libraries/libCoreVMClient.dylib
0x000000000578b000 	/System/Library/PrivateFrameworks/FaceCore.framework/Versions/A/FaceCore
0x000000000578b000 	/System/Library/PrivateFrameworks/CrashReporterSupport.framework/Versions/A/CrashReporterSupport
0x000000000578b000 	/System/Library/Frameworks/OpenCL.framework/Versions/A/OpenCL
0x000000000578b000 	/System/Library/PrivateFrameworks/AppleFSCompression.framework/Versions/A/AppleFSCompression
0x000000000578b000 	/System/Library/PrivateFrameworks/Ubiquity.framework/Versions/A/Ubiquity
0x000000000578b000 	/System/Library/PrivateFrameworks/IconServices.framework/Versions/A/IconServices
0x000000000578b000 	/System/Library/PrivateFrameworks/ChunkingLibrary.framework/Versions/A/ChunkingLibrary
0x000000000578b000 	/System/Library/PrivateFrameworks/CoreSymbolication.framework/Versions/A/CoreSymbolication
0x000000000578b000 	/System/Library/PrivateFrameworks/Symbolication.framework/Versions/A/Symbolication
0x000000000578b000 	/System/Library/PrivateFrameworks/DebugSymbols.framework/Versions/A/DebugSymbols
0x000000010b551000 	/Library/Java/JavaVirtualMachines/jdk1.8.0_25.jdk/Contents/Home/jre/lib/server/libjvm.dylib
0x000000000578b000 	/usr/lib/libstdc++.6.dylib
0x000000010c586000 	/Library/Java/JavaVirtualMachines/jdk1.8.0_25.jdk/Contents/Home/jre/lib/libverify.dylib
0x000000010c594000 	/Library/Java/JavaVirtualMachines/jdk1.8.0_25.jdk/Contents/Home/jre/lib/libjava.dylib
0x000000010ce00000 	/Library/Java/JavaVirtualMachines/jdk1.8.0_25.jdk/Contents/Home/jre/lib/libjdwp.dylib
0x000000010c5c9000 	/Library/Java/JavaVirtualMachines/jdk1.8.0_25.jdk/Contents/Home/jre/lib/libnpt.dylib
0x000000010c5d6000 	/Library/Java/JavaVirtualMachines/jdk1.8.0_25.jdk/Contents/Home/jre/lib/libzip.dylib
0x0000000120942000 	/System/Library/Frameworks/JavaVM.framework/Frameworks/JavaRuntimeSupport.framework/JavaRuntimeSupport
0x000000012095a000 	/System/Library/Frameworks/JavaVM.framework/Versions/A/Frameworks/JavaNativeFoundation.framework/Versions/A/JavaNativeFoundation
0x000000012096f000 	/System/Library/Frameworks/JavaVM.framework/Versions/A/JavaVM
0x000000000578b000 	/System/Library/Frameworks/Carbon.framework/Versions/A/Carbon
0x000000010c5f4000 	/System/Library/PrivateFrameworks/JavaLaunching.framework/Versions/A/JavaLaunching
0x000000000578b000 	/System/Library/Frameworks/Carbon.framework/Versions/A/Frameworks/CommonPanels.framework/Versions/A/CommonPanels
0x000000000578b000 	/System/Library/Frameworks/Carbon.framework/Versions/A/Frameworks/Help.framework/Versions/A/Help
0x000000000578b000 	/System/Library/Frameworks/Carbon.framework/Versions/A/Frameworks/ImageCapture.framework/Versions/A/ImageCapture
0x000000000578b000 	/System/Library/Frameworks/Carbon.framework/Versions/A/Frameworks/OpenScripting.framework/Versions/A/OpenScripting
0x000000000578b000 	/System/Library/Frameworks/Carbon.framework/Versions/A/Frameworks/Print.framework/Versions/A/Print
0x000000000578b000 	/System/Library/Frameworks/Carbon.framework/Versions/A/Frameworks/SecurityHI.framework/Versions/A/SecurityHI
0x0000000120b87000 	/Library/Java/JavaVirtualMachines/jdk1.8.0_25.jdk/Contents/Home/jre/lib/libdt_socket.dylib

VM Arguments:
jvm_args: -agentlib:jdwp=transport=dt_socket,suspend=y,address=localhost:49685 -Dfile.encoding=UTF-8 
java_command: PravoDugZadatak
java_class_path (initial): /Users/gorjankalauzovic/Documents/workspace/27112014/bin
Launcher Type: SUN_STANDARD

Environment Variables:
PATH=/usr/bin:/bin:/usr/sbin:/sbin
SHELL=/bin/bash

Signal Handlers:
SIGSEGV: [libjvm.dylib+0x579dc7], sa_mask[0]=11111111011111110111111111111111, sa_flags=SA_ONSTACK|SA_RESTART|SA_SIGINFO
SIGBUS: [libjvm.dylib+0x579dc7], sa_mask[0]=11111111011111110111111111111111, sa_flags=SA_RESTART|SA_SIGINFO
SIGFPE: [libjvm.dylib+0x45b030], sa_mask[0]=11111111011111110111111111111111, sa_flags=SA_RESTART|SA_SIGINFO
SIGPIPE: [libjvm.dylib+0x45b030], sa_mask[0]=11111111011111110111111111111111, sa_flags=SA_RESTART|SA_SIGINFO
SIGXFSZ: [libjvm.dylib+0x45b030], sa_mask[0]=11111111011111110111111111111111, sa_flags=SA_RESTART|SA_SIGINFO
SIGILL: [libjvm.dylib+0x45b030], sa_mask[0]=11111111011111110111111111111111, sa_flags=SA_RESTART|SA_SIGINFO
SIGUSR1: SIG_DFL, sa_mask[0]=00000000000000000000000000000000, sa_flags=SA_RESTART
SIGUSR2: [libjvm.dylib+0x45ab4e], sa_mask[0]=00100000000000000000000000000000, sa_flags=SA_RESTART|SA_SIGINFO
SIGHUP: [libjvm.dylib+0x459121], sa_mask[0]=11111111011111110111111111111111, sa_flags=SA_RESTART|SA_SIGINFO
SIGINT: [libjvm.dylib+0x459121], sa_mask[0]=11111111011111110111111111111111, sa_flags=SA_RESTART|SA_SIGINFO
SIGTERM: [libjvm.dylib+0x459121], sa_mask[0]=11111111011111110111111111111111, sa_flags=SA_RESTART|SA_SIGINFO
SIGQUIT: [libjvm.dylib+0x459121], sa_mask[0]=11111111011111110111111111111111, sa_flags=SA_RESTART|SA_SIGINFO


---------------  S Y S T E M  ---------------

OS:Bsduname:Darwin 13.3.0 Darwin Kernel Version 13.3.0: Tue Jun  3 21:27:35 PDT 2014; root:xnu-2422.110.17~1/RELEASE_X86_64 x86_64
rlimit: STACK 8192k, CORE 0k, NPROC 709, NOFILE 10240, AS infinity
load average:1.99 1.84 1.68

CPU:total 4 (2 cores per cpu, 2 threads per core) family 6 model 58 stepping 9, cmov, cx8, fxsr, mmx, sse, sse2, sse3, ssse3, sse4.1, sse4.2, popcnt, avx, aes, clmul, erms, ht, tsc, tscinvbit, tscinv

Memory: 4k page, physical 4194304k(518268k free)

/proc/meminfo:


vm_info: Java HotSpot(TM) 64-Bit Server VM (25.25-b02) for bsd-amd64 JRE (1.8.0_25-b17), built on Sep 17 2014 16:56:50 by "java_re" with gcc 4.2.1 (Based on Apple Inc. build 5658) (LLVM build 2336.11.00)

time: Fri Nov 28 15:10:25 2014
elapsed time: 11634 seconds (0d 3h 13m 54s)

